circRNA_ID	chr	circRNA_start	circRNA_end	#junction_reads	SM_MS_SMS	#non_junction_reads	junction_reads_ratio	circRNA_type	gene_id	strand	junction_reads_ID
1:14761971|14768350	1	14761971	14768350	1	1_1_0	2	0.500	exon	ENSRNOG00000031700,	+	NB501259:25:HYMKWBGXX:4:13509:12479:8973,
1:15097995|15104069	1	15097995	15104069	1	1_1_0	29	0.065	exon	ENSRNOG00000058050,	+	NB501259:25:HYMKWBGXX:1:21201:2399:10492,
1:20096535|20144413	1	20096535	20144413	2	1_1_1	1	0.800	intron	ENSRNOG00000013202,	+	NB501259:25:HYMKWBGXX:4:23606:14738:11972,NB501259:25:HYMKWBGXX:4:22501:14337:11811,
1:26079313|26093015	1	26079313	26093015	1	1_1_0	0	1	exon	ENSRNOG00000013323,	+	NB501259:25:HYMKWBGXX:1:22112:8186:15634,
1:26953199|26999698	1	26953199	26999698	1	1_1_0	8	0.200	exon	ENSRNOG00000014004,	+	NB501259:25:HYMKWBGXX:3:22411:25059:7081,
1:33934823|33935730	1	33934823	33935730	1	1_1_0	0	1	intergenic_region	n/a	+	NB501259:25:HYMKWBGXX:3:12412:8333:18542,
1:45652042|45653128	1	45652042	45653128	1	1_1_0	2	0.500	intron	ENSRNOG00000017030,	+	NB501259:25:HYMKWBGXX:2:23302:21243:5718,
1:46708967|46758611	1	46708967	46758611	1	1_1_0	23	0.080	exon	ENSRNOG00000018012,	+	NB501259:25:HYMKWBGXX:1:11202:6720:6472,
1:51947075|51947832	1	51947075	51947832	1	1_1_0	40	0.048	intron	ENSRNOG00000011310,	-	NB501259:25:HYMKWBGXX:4:21502:17913:17031,
1:61825772|61873130	1	61825772	61873130	1	1_1_0	2	0.500	intergenic_region	n/a	-	NB501259:25:HYMKWBGXX:1:21309:24403:8382,
1:62496775|62548472	1	62496775	62548472	1	1_1_0	0	1	intergenic_region	n/a	-	NB501259:25:HYMKWBGXX:3:22412:20030:7038,
1:88266378|88301215	1	88266378	88301215	1	1_1_0	6	0.250	exon	ENSRNOG00000052814,	+	NB501259:25:HYMKWBGXX:2:11211:9694:2765,
1:110210514|110237120	1	110210514	110237120	2	1_2_0	45	0.082	intergenic_region	n/a	-	NB501259:25:HYMKWBGXX:1:21309:18970:10167,NB501259:25:HYMKWBGXX:2:23112:17109:3672,
1:110237001|110267119	1	110237001	110267119	6	6_5_0	16	0.429	intergenic_region	n/a	-	NB501259:25:HYMKWBGXX:1:22111:15599:1837,NB501259:25:HYMKWBGXX:1:23101:21051:10406,NB501259:25:HYMKWBGXX:3:11403:2619:5873,NB501259:25:HYMKWBGXX:3:22510:9269:7377,NB501259:25:HYMKWBGXX:4:11409:12030:18166,NB501259:25:HYMKWBGXX:1:13203:20178:12733,
1:110238421|110240303	1	110238421	110240303	1	1_0_1	20	0.091	intergenic_region	n/a	-	NB501259:25:HYMKWBGXX:1:13208:12702:18923,
1:110246186|110267119	1	110246186	110267119	1	1_1_0	8	0.200	intergenic_region	n/a	-	NB501259:25:HYMKWBGXX:2:21109:23719:16634,
1:111155072|111237460	1	111155072	111237460	2	2_2_0	21	0.160	intron	ENSRNOG00000064120,	-	NB501259:25:HYMKWBGXX:1:11202:10789:11357,NB501259:25:HYMKWBGXX:4:12412:19511:20128,
1:111929359|112001244	1	111929359	112001244	4	1_3_0	7	0.533	intergenic_region	n/a	-	NB501259:25:HYMKWBGXX:1:23201:13884:19800,NB501259:25:HYMKWBGXX:1:13207:4019:3634,NB501259:25:HYMKWBGXX:1:22312:24344:19402,NB501259:25:HYMKWBGXX:2:11205:14593:14567,
1:112195726|112381047	1	112195726	112381047	1	1_1_0	21	0.087	intergenic_region	n/a	-	NB501259:25:HYMKWBGXX:3:22608:21118:10278,
1:112339681|112450624	1	112339681	112450624	1	1_1_0	9	0.182	intergenic_region	n/a	-	NB501259:25:HYMKWBGXX:2:11112:20654:12629,
1:112495660|112605004	1	112495660	112605004	1	1_1_0	10	0.167	intergenic_region	n/a	-	NB501259:25:HYMKWBGXX:1:11202:3881:7412,
1:116771956|116782547	1	116771956	116782547	2	1_2_0	2	0.667	exon	ENSRNOG00000010853,	-	NB501259:25:HYMKWBGXX:2:22312:7800:9880,NB501259:25:HYMKWBGXX:1:23103:10831:5621,
1:117280693|117282048	1	117280693	117282048	1	1_1_0	6	0.250	exon	ENSRNOG00000015503,	+	NB501259:25:HYMKWBGXX:4:13601:14146:1266,
1:118891712|118898986	1	118891712	118898986	1	1_1_0	11	0.154	exon	ENSRNOG00000011077,	-	NB501259:25:HYMKWBGXX:4:11504:16276:19047,
1:134967789|134999149	1	134967789	134999149	2	2_2_0	4	0.500	exon	ENSRNOG00000060206,	+	NB501259:25:HYMKWBGXX:1:22103:15576:19874,NB501259:25:HYMKWBGXX:2:13107:26491:17988,
1:140427963|140487979	1	140427963	140487979	1	1_1_0	1	0.667	intergenic_region	n/a	-	NB501259:25:HYMKWBGXX:3:22507:18066:16167,
1:146699564|146719499	1	146699564	146719499	6	3_5_2	12	0.500	exon	ENSRNOG00000009891,	-	NB501259:25:HYMKWBGXX:1:12202:24867:12834,NB501259:25:HYMKWBGXX:1:13301:16661:16770,NB501259:25:HYMKWBGXX:3:13508:8032:15186,NB501259:25:HYMKWBGXX:3:22606:9795:7199,NB501259:25:HYMKWBGXX:2:12112:6526:17081,NB501259:25:HYMKWBGXX:2:12301:21217:16974,
1:153279717|153405932	1	153279717	153405932	1	1_0_1	3	0.400	exon	ENSRNOG00000016206,	-	NB501259:25:HYMKWBGXX:4:21512:22500:5101,
1:153305749|153405932	1	153305749	153405932	1	1_1_0	2	0.500	exon	ENSRNOG00000016206,	-	NB501259:25:HYMKWBGXX:3:22405:17131:16366,
1:155142249|155187683	1	155142249	155187683	1	1_1_0	26	0.071	exon	ENSRNOG00000018873,	+	NB501259:25:HYMKWBGXX:1:12310:9555:8910,
1:156516457|156559107	1	156516457	156559107	1	1_1_0	15	0.118	exon	ENSRNOG00000020347,	-	NB501259:25:HYMKWBGXX:2:13112:4509:11390,
1:161589467|161616382	1	161589467	161616382	1	1_1_0	0	1	exon	ENSRNOG00000019667,	+	NB501259:25:HYMKWBGXX:2:13205:8892:16092,
1:182097252|182099578	1	182097252	182099578	2	1_1_1	1	0.800	exon	ENSRNOG00000042728,	+	NB501259:25:HYMKWBGXX:1:23211:14573:4116,NB501259:25:HYMKWBGXX:4:11401:10459:14205,
1:187741935|187742785	1	187741935	187742785	2	2_1_0	8	0.333	exon	ENSRNOG00000017294,	+	NB501259:25:HYMKWBGXX:3:23402:1192:14799,NB501259:25:HYMKWBGXX:3:23401:26607:14807,
1:203087368|203088116	1	203087368	203088116	1	1_1_0	14174	0.000	intergenic_region	n/a	-	NB501259:25:HYMKWBGXX:2:22203:20720:5121,
1:203088052|203088420	1	203088052	203088420	52	8_31_1	18895	0.005	intergenic_region	n/a	-	NB501259:25:HYMKWBGXX:1:22201:5409:15859,NB501259:25:HYMKWBGXX:2:13108:10669:2036,NB501259:25:HYMKWBGXX:2:13204:21594:9577,NB501259:25:HYMKWBGXX:2:22211:5290:14345,NB501259:25:HYMKWBGXX:3:21601:12645:18074,NB501259:25:HYMKWBGXX:3:23411:2378:8449,NB501259:25:HYMKWBGXX:1:11201:24027:16245,NB501259:25:HYMKWBGXX:1:11211:21150:5545,NB501259:25:HYMKWBGXX:1:11211:23823:7739,NB501259:25:HYMKWBGXX:1:11305:10129:1080,NB501259:25:HYMKWBGXX:1:11311:9981:17601,NB501259:25:HYMKWBGXX:1:12204:17962:14273,NB501259:25:HYMKWBGXX:1:12311:20340:4485,NB501259:25:HYMKWBGXX:1:21105:16014:13924,NB501259:25:HYMKWBGXX:1:21306:8229:10331,NB501259:25:HYMKWBGXX:1:23301:5037:11591,NB501259:25:HYMKWBGXX:2:11111:9142:3520,NB501259:25:HYMKWBGXX:2:11209:23705:16050,NB501259:25:HYMKWBGXX:2:12208:6592:16901,NB501259:25:HYMKWBGXX:2:12308:8718:12967,NB501259:25:HYMKWBGXX:2:12310:15840:19336,NB501259:25:HYMKWBGXX:2:13105:6997:6085,NB501259:25:HYMKWBGXX:2:13310:24558:11559,NB501259:25:HYMKWBGXX:2:21202:2579:15096,NB501259:25:HYMKWBGXX:2:23208:10006:12189,NB501259:25:HYMKWBGXX:2:23309:8146:14392,NB501259:25:HYMKWBGXX:2:23312:25915:18289,NB501259:25:HYMKWBGXX:3:11412:5029:15589,NB501259:25:HYMKWBGXX:3:12506:18883:10446,NB501259:25:HYMKWBGXX:3:12507:6572:2639,NB501259:25:HYMKWBGXX:3:13402:26699:1263,NB501259:25:HYMKWBGXX:3:21406:7155:3920,NB501259:25:HYMKWBGXX:3:21408:15357:7772,NB501259:25:HYMKWBGXX:3:23401:18126:12723,NB501259:25:HYMKWBGXX:3:23607:13685:14512,NB501259:25:HYMKWBGXX:3:23609:4671:6378,NB501259:25:HYMKWBGXX:4:11503:3501:9288,NB501259:25:HYMKWBGXX:4:11601:3893:7772,NB501259:25:HYMKWBGXX:4:11610:9198:13807,NB501259:25:HYMKWBGXX:4:12404:5322:7794,NB501259:25:HYMKWBGXX:4:12506:5534:13359,NB501259:25:HYMKWBGXX:4:13405:11711:4070,NB501259:25:HYMKWBGXX:4:13507:25896:16598,NB501259:25:HYMKWBGXX:4:13601:18337:6985,NB501259:25:HYMKWBGXX:4:21607:19114:10242,NB501259:25:HYMKWBGXX:4:21611:2891:15343,NB501259:25:HYMKWBGXX:4:22402:19279:13802,NB501259:25:HYMKWBGXX:4:22405:6873:12019,NB501259:25:HYMKWBGXX:4:22405:6693:15428,NB501259:25:HYMKWBGXX:4:22507:4096:7421,NB501259:25:HYMKWBGXX:4:23405:5378:2965,NB501259:25:HYMKWBGXX:4:23612:13082:5282,
1:220799323|220830792	1	220799323	220830792	1	1_1_0	21	0.087	exon	ENSRNOG00000030572,	-	NB501259:25:HYMKWBGXX:3:21606:4317:7312,
1:220801088|220816426	1	220801088	220816426	1	1_1_0	33	0.057	exon	ENSRNOG00000030572,	-	NB501259:25:HYMKWBGXX:1:21112:2407:15916,
1:227535669|227537086	1	227535669	227537086	1	1_1_0	7	0.222	exon	ENSRNOG00000026942,	-	NB501259:25:HYMKWBGXX:3:23404:7872:10095,
1:227535669|227551977	1	227535669	227551977	2	1_2_0	4	0.500	exon	ENSRNOG00000026942,	-	NB501259:25:HYMKWBGXX:2:21104:4554:18001,NB501259:25:HYMKWBGXX:4:11610:22022:17155,
1:234697032|234721959	1	234697032	234721959	2	1_1_0	8	0.333	exon	ENSRNOG00000017938,	+	NB501259:25:HYMKWBGXX:1:23110:9405:11982,NB501259:25:HYMKWBGXX:2:11211:7283:3949,
1:239168729|239222297	1	239168729	239222297	1	1_1_0	22	0.083	exon	ENSRNOG00000015658,	-	NB501259:25:HYMKWBGXX:3:22409:2505:16075,
1:240059809|240075097	1	240059809	240075097	1	1_1_0	11	0.154	exon	ENSRNOG00000013443,	-	NB501259:25:HYMKWBGXX:2:22308:14332:16828,
1:243786005|243801845	1	243786005	243801845	1	0_1_1	25	0.074	exon	ENSRNOG00000014482,	+	NB501259:25:HYMKWBGXX:1:22307:4621:10125,
1:244360102|244363874	1	244360102	244363874	1	1_1_0	4	0.333	exon	ENSRNOG00000016280,	+	NB501259:25:HYMKWBGXX:2:23109:21418:4047,
1:256790685|256842267	1	256790685	256842267	1	1_1_0	9	0.182	exon	ENSRNOG00000017406,	+	NB501259:25:HYMKWBGXX:2:21309:19985:6660,
1:256790685|256860110	1	256790685	256860110	1	1_1_0	11	0.154	exon	ENSRNOG00000017406,	+	NB501259:25:HYMKWBGXX:1:22207:20062:4315,
1:259681962|259682690	1	259681962	259682690	1	1_1_0	2	0.500	intron	ENSRNOG00000009954,	-	NB501259:25:HYMKWBGXX:4:13510:9860:9752,
10:1279611|1280296	10	1279611	1280296	1	1_1_0	116	0.017	intergenic_region	n/a	-	NB501259:25:HYMKWBGXX:1:22302:15686:5173,
10:4377524|4389681	10	4377524	4389681	1	1_1_0	22	0.083	exon	ENSRNOG00000046271,	+	NB501259:25:HYMKWBGXX:2:23209:22835:7102,
10:8661354|8667854	10	8661354	8667854	1	1_1_0	30	0.062	intron	ENSRNOG00000002827,	+	NB501259:25:HYMKWBGXX:4:21505:14282:4323,
10:16433874|16439952	10	16433874	16439952	4	3_3_0	5	0.615	exon	ENSRNOG00000020769,	-	NB501259:25:HYMKWBGXX:1:22105:2515:8856,NB501259:25:HYMKWBGXX:4:13401:25493:3334,NB501259:25:HYMKWBGXX:2:22204:1826:4614,NB501259:25:HYMKWBGXX:4:11404:7754:3493,
10:17742734|17749920	10	17742734	17749920	1	1_1_0	0	1	exon	ENSRNOG00000004616,	-	NB501259:25:HYMKWBGXX:4:22603:24741:6997,
10:18056127|18074768	10	18056127	18074768	1	1_1_0	1	0.667	exon	ENSRNOG00000005042,	-	NB501259:25:HYMKWBGXX:2:11201:2727:1171,
10:28178628|28179571	10	28178628	28179571	4	2_3_0	6	0.571	exon	ENSRNOG00000003936,	+	NB501259:25:HYMKWBGXX:4:11401:15905:20209,NB501259:25:HYMKWBGXX:2:13107:24475:17978,NB501259:25:HYMKWBGXX:3:13409:4628:17604,NB501259:25:HYMKWBGXX:3:21405:14002:20063,
10:30326084|30338951	10	30326084	30338951	3	2_2_0	2	0.750	exon	ENSRNOG00000005406,	+	NB501259:25:HYMKWBGXX:2:22312:3460:16730,NB501259:25:HYMKWBGXX:3:13412:5304:2121,NB501259:25:HYMKWBGXX:4:21403:16279:13237,
10:35966496|35981105	10	35966496	35981105	1	1_1_0	7	0.222	exon	ENSRNOG00000004563,	-	NB501259:25:HYMKWBGXX:2:21105:23578:12936,
10:37519629|37526869	10	37519629	37526869	1	1_1_0	24	0.077	exon	ENSRNOG00000006965,	+	NB501259:25:HYMKWBGXX:2:21204:25130:12814,
10:62391804|62433451	10	62391804	62433451	1	1_1_0	29	0.065	exon	ENSRNOG00000015692,	-	NB501259:25:HYMKWBGXX:3:22410:25447:12116,
10:64381900|64399655	10	64381900	64399655	2	2_2_0	27	0.129	exon	ENSRNOG00000013780,	+	NB501259:25:HYMKWBGXX:2:21204:10310:4208,NB501259:25:HYMKWBGXX:4:22608:6102:9456,
10:65218248|65221786	10	65218248	65221786	1	1_1_0	6	0.250	exon	ENSRNOG00000004093,	+	NB501259:25:HYMKWBGXX:3:23411:20629:9308,
10:66641743|66656082	10	66641743	66656082	3	2_2_0	1	0.857	intron	ENSRNOG00000058308,	-	NB501259:25:HYMKWBGXX:1:11104:3785:7408,NB501259:25:HYMKWBGXX:1:12105:14458:19254,NB501259:25:HYMKWBGXX:2:12309:4860:6937,
10:69885926|69925836	10	69885926	69925836	1	1_1_0	22	0.083	exon	ENSRNOG00000027711,	-	NB501259:25:HYMKWBGXX:2:22308:8219:15591,
10:72123042|72133904	10	72123042	72133904	1	1_1_0	2	0.500	intron	ENSRNOG00000024730,	-	NB501259:25:HYMKWBGXX:2:23203:16272:19646,
10:83160032|83166625	10	83160032	83166625	1	1_1_0	14	0.125	exon	ENSRNOG00000005606,	-	NB501259:25:HYMKWBGXX:2:13307:10055:10958,
10:89324561|89325932	10	89324561	89325932	4	1_2_0	17	0.320	exon	ENSRNOG00000053680,	-	NB501259:25:HYMKWBGXX:2:13210:1352:11875,NB501259:25:HYMKWBGXX:2:13211:26722:11868,NB501259:25:HYMKWBGXX:1:13308:1336:7482,NB501259:25:HYMKWBGXX:1:13309:26732:7476,
10:90181077|90212586	10	90181077	90212586	1	1_1_0	5	0.286	exon	ENSRNOG00000006285,	+	NB501259:25:HYMKWBGXX:1:11304:13858:2056,
10:91773528|91783327	10	91773528	91783327	1	1_1_0	10	0.167	exon	ENSRNOG00000014623,	-	NB501259:25:HYMKWBGXX:4:12407:2467:4094,
10:92024761|92031320	10	92024761	92031320	1	1_1_0	23	0.080	exon	ENSRNOG00000047296,	-	NB501259:25:HYMKWBGXX:2:23211:8454:5409,
10:102913574|102914704	10	102913574	102914704	2	2_0_2	7	0.364	exon	ENSRNOG00000022395,	+	NB501259:25:HYMKWBGXX:2:12102:9249:6978,NB501259:25:HYMKWBGXX:4:22605:8559:18830,
11:160228|171501	11	160228	171501	1	1_1_0	4	0.333	exon	ENSRNOG00000047194,	-	NB501259:25:HYMKWBGXX:3:22603:11910:17766,
11:16827015|16831035	11	16827015	16831035	1	1_1_0	0	1	intergenic_region	n/a	-	NB501259:25:HYMKWBGXX:4:23602:12770:18742,
11:29478850|29497323	11	29478850	29497323	2	1_1_0	18	0.182	exon	ENSRNOG00000002104,	-	NB501259:25:HYMKWBGXX:2:21111:20175:18764,NB501259:25:HYMKWBGXX:2:22309:23799:8899,
11:30213511|30248869	11	30213511	30248869	1	1_1_0	41	0.047	exon	ENSRNOG00000002051,	-	NB501259:25:HYMKWBGXX:2:11307:7142:4607,
11:33721911|33787842	11	33721911	33787842	1	1_1_0	44	0.043	exon	ENSRNOG00000001682,	+	NB501259:25:HYMKWBGXX:3:23503:15649:8150,
11:42432335|42432799	11	42432335	42432799	2	1_2_0	0	1	intergenic_region	n/a	+	NB501259:25:HYMKWBGXX:3:22504:24595:11831,NB501259:25:HYMKWBGXX:2:12307:4225:2153,
11:43394043|43403917	11	43394043	43403917	1	1_1_0	6	0.250	exon	ENSRNOG00000001640,	-	NB501259:25:HYMKWBGXX:4:21602:22045:14223,
11:50563269|50597061	11	50563269	50597061	1	1_1_0	15	0.118	exon	ENSRNOG00000001971,	+	NB501259:25:HYMKWBGXX:4:13407:2344:17534,
11:57117612|57125656	11	57117612	57125656	1	1_1_0	30	0.062	exon	ENSRNOG00000056716,	-	NB501259:25:HYMKWBGXX:4:23605:6520:9224,
11:60596220|60596994	11	60596220	60596994	1	1_1_0	6	0.250	intron	ENSRNOG00000031852,	-	NB501259:25:HYMKWBGXX:1:12302:17805:19741,
11:63636403|63657732	11	63636403	63657732	1	1_1_0	10	0.167	intergenic_region	n/a	+	NB501259:25:HYMKWBGXX:1:12309:24739:14672,
11:64756721|64757311	11	64756721	64757311	1	1_1_0	3	0.400	intron	ENSRNOG00000051711,	-	NB501259:25:HYMKWBGXX:1:22302:12534:12614,
11:78614019|78614776	11	78614019	78614776	1	1_1_0	6	0.250	intron	ENSRNOG00000001785,	+	NB501259:25:HYMKWBGXX:3:22404:6187:14491,
12:7492150|7501068	12	7492150	7501068	1	1_1_0	7	0.222	exon	ENSRNOG00000000942,	-	NB501259:25:HYMKWBGXX:3:11409:2136:12969,
12:7495966|7503408	12	7495966	7503408	4	2_1_0	13	0.381	exon	ENSRNOG00000000942,	-	NB501259:25:HYMKWBGXX:4:12601:8460:18875,NB501259:25:HYMKWBGXX:2:13304:10365:16753,NB501259:25:HYMKWBGXX:3:13512:8697:1827,NB501259:25:HYMKWBGXX:4:13512:10328:11473,
12:7499655|7535879	12	7499655	7535879	1	1_1_0	16	0.111	exon	ENSRNOG00000000942,	-	NB501259:25:HYMKWBGXX:1:12307:4900:9936,
12:39038752|39100307	12	39038752	39100307	1	1_1_0	11	0.154	exon	ENSRNOG00000028630,	-	NB501259:25:HYMKWBGXX:2:11305:7796:13415,
12:45903529|45904898	12	45903529	45904898	2	1_1_0	4	0.500	exon	ENSRNOG00000037483,	+	NB501259:25:HYMKWBGXX:1:13212:9122:19235,NB501259:25:HYMKWBGXX:1:22110:3980:3335,
13:12093666|12093942	13	12093666	12093942	1	1_1_0	4	0.333	intron	ENSRNOG00000066325,	+	NB501259:25:HYMKWBGXX:4:23609:16598:4475,
13:30842154|30877644	13	30842154	30877644	1	1_1_0	17	0.105	exon	ENSRNOG00000002625,	-	NB501259:25:HYMKWBGXX:2:21305:21984:12579,
13:49428751|49429919	13	49428751	49429919	1	1_1_0	1	0.667	intron	ENSRNOG00000066582,	+	NB501259:25:HYMKWBGXX:4:11405:18426:7514,
13:63460962|63480945	13	63460962	63480945	1	1_1_0	4	0.333	exon	ENSRNOG00000032258,	-	NB501259:25:HYMKWBGXX:4:23402:11801:7882,
13:63488279|63498083	13	63488279	63498083	1	1_1_0	3	0.400	exon	ENSRNOG00000032258,	-	NB501259:25:HYMKWBGXX:2:11203:7879:13336,
13:65009548|65017541	13	65009548	65017541	1	1_1_0	14	0.125	exon	ENSRNOG00000027962,	-	NB501259:25:HYMKWBGXX:3:11506:2660:11717,
13:73287919|73298322	13	73287919	73298322	1	1_1_0	1	0.667	exon	ENSRNOG00000026907,	-	NB501259:25:HYMKWBGXX:1:22105:19307:11450,
13:77648403|77654285	13	77648403	77654285	2	2_1_0	12	0.250	exon	ENSRNOG00000003078,	-	NB501259:25:HYMKWBGXX:2:11110:1659:1814,NB501259:25:HYMKWBGXX:4:11604:11504:14403,
13:86537447|86615843	13	86537447	86615843	2	2_1_0	28	0.125	exon	ENSRNOG00000061764,	+	NB501259:25:HYMKWBGXX:4:23508:18746:20127,NB501259:25:HYMKWBGXX:2:12306:6140:16960,
13:86537447|86693047	13	86537447	86693047	1	1_1_0	44	0.043	exon	ENSRNOG00000061764,	+	NB501259:25:HYMKWBGXX:4:11506:15082:16712,
13:86554121|86557951	13	86554121	86557951	3	2_3_0	36	0.143	exon	ENSRNOG00000061764,	+	NB501259:25:HYMKWBGXX:2:23211:15222:7001,NB501259:25:HYMKWBGXX:3:12611:20870:20247,NB501259:25:HYMKWBGXX:4:22409:12505:6491,
13:91728703|91853047	13	91728703	91853047	2	1_2_0	28	0.125	exon	ENSRNOG00000002841,	+	NB501259:25:HYMKWBGXX:3:13502:11857:18185,NB501259:25:HYMKWBGXX:4:12511:4934:13884,
13:99411432|99414980	13	99411432	99414980	4	4_2_0	4	0.667	intergenic_region	n/a	+	NB501259:25:HYMKWBGXX:1:13111:19259:17034,NB501259:25:HYMKWBGXX:4:23609:4869:18238,NB501259:25:HYMKWBGXX:2:21312:20655:8778,NB501259:25:HYMKWBGXX:2:23211:5517:10062,
13:104511331|104517875	13	104511331	104517875	2	2_1_0	4	0.500	exon	ENSRNOG00000046139,	-	NB501259:25:HYMKWBGXX:3:23512:2899:1486,NB501259:25:HYMKWBGXX:3:21610:25026:7234,
14:1927025|1938817	14	1927025	1938817	2	2_2_0	6	0.400	exon	ENSRNOG00000002039,	+	NB501259:25:HYMKWBGXX:1:22205:20454:13150,NB501259:25:HYMKWBGXX:4:11511:4771:8358,
14:41896665|41910815	14	41896665	41910815	1	1_1_0	4	0.333	exon	ENSRNOG00000025494,	-	NB501259:25:HYMKWBGXX:4:23401:11936:14640,
14:62741779|62763710	14	62741779	62763710	2	1_1_0	14	0.222	exon	ENSRNOG00000003840,	-	NB501259:25:HYMKWBGXX:3:21610:25487:12004,NB501259:25:HYMKWBGXX:3:23607:4579:12772,
14:65281227|65369295	14	65281227	65369295	1	1_1_0	4	0.333	exon	ENSRNOG00000003787,	+	NB501259:25:HYMKWBGXX:4:21503:23729:2676,
14:74776670|74796952	14	74776670	74796952	1	1_1_0	4	0.333	exon	ENSRNOG00000060665,	-	NB501259:25:HYMKWBGXX:4:11609:15004:8871,
14:94226312|94235352	14	94226312	94235352	1	1_1_0	4	0.333	exon	ENSRNOG00000004888,	+	NB501259:25:HYMKWBGXX:4:11504:14974:6848,
14:96143619|96229682	14	96143619	96229682	1	1_1_0	9	0.182	exon	ENSRNOG00000008917,	-	NB501259:25:HYMKWBGXX:3:11501:9074:9654,
14:103226434|103242631	14	103226434	103242631	2	2_2_0	40	0.091	exon	ENSRNOG00000004057,	+	NB501259:25:HYMKWBGXX:4:11411:4154:3274,NB501259:25:HYMKWBGXX:4:21512:22087:4435,
15:2677289|2695587	15	2677289	2695587	3	2_3_0	20	0.231	exon	ENSRNOG00000012850,	-	NB501259:25:HYMKWBGXX:1:21303:11073:10340,NB501259:25:HYMKWBGXX:2:21106:3679:13442,NB501259:25:HYMKWBGXX:4:11609:17907:10266,
15:3719838|3729309	15	3719838	3729309	1	1_1_0	17	0.105	exon	ENSRNOG00000027012,	+	NB501259:25:HYMKWBGXX:1:12305:13100:10914,
15:9165136|9182836	15	9165136	9182836	1	1_1_0	10	0.167	exon	ENSRNOG00000006143,	-	NB501259:25:HYMKWBGXX:4:21402:14136:13026,
15:24002526|24002800	15	24002526	24002800	1	1_1_0	3	0.400	intron	ENSRNOG00000008850,	-	NB501259:25:HYMKWBGXX:1:23312:15071:16463,
15:33334142|33345806	15	33334142	33345806	2	1_2_0	1	0.800	intron	ENSRNOG00000021712,	+	NB501259:25:HYMKWBGXX:4:22612:1363:15147,NB501259:25:HYMKWBGXX:4:22611:26800:15145,
15:88748572|88820067	15	88748572	88820067	1	1_1_0	7	0.222	intergenic_region	n/a	-	NB501259:25:HYMKWBGXX:3:23610:11484:15137,
15:99780539|99801911	15	99780539	99801911	1	1_1_0	4	0.333	exon	ENSRNOG00000057042,	+	NB501259:25:HYMKWBGXX:1:12312:10129:7172,
16:3218630|3285011	16	3218630	3285011	2	0_2_2	71	0.053	exon	ENSRNOG00000015148,	+	NB501259:25:HYMKWBGXX:3:23505:3286:13009,NB501259:25:HYMKWBGXX:4:13412:1417:2776,
16:4233179|4297289	16	4233179	4297289	1	1_1_0	29	0.065	exon	ENSRNOG00000031287,	-	NB501259:25:HYMKWBGXX:3:22511:4540:8455,
16:6150244|6170941	16	6150244	6170941	1	1_1_0	1	0.667	exon	ENSRNOG00000017997,	+	NB501259:25:HYMKWBGXX:3:22603:19561:15679,
16:6261968|6262610	16	6261968	6262610	2	2_2_0	14	0.222	exon	ENSRNOG00000028227,	+	NB501259:25:HYMKWBGXX:1:11205:9011:18429,NB501259:25:HYMKWBGXX:2:11111:3466:1147,
16:15310400|15310888	16	15310400	15310888	1	1_1_0	7	0.222	intron	ENSRNOG00000063450,	-	NB501259:25:HYMKWBGXX:3:13612:6837:10942,
16:21812249|21845411	16	21812249	21845411	1	1_1_0	21	0.087	exon	ENSRNOG00000013884,	+	NB501259:25:HYMKWBGXX:1:13208:21115:12246,
16:37135132|37137439	16	37135132	37137439	2	2_2_0	9	0.308	exon	ENSRNOG00000048847,	+	NB501259:25:HYMKWBGXX:3:21604:10095:9401,NB501259:25:HYMKWBGXX:4:13605:13223:18467,
16:59295172|59297256	16	59295172	59297256	1	1_1_0	4	0.333	intron	ENSRNOG00000010392,	+	NB501259:25:HYMKWBGXX:3:13411:14656:11227,
16:59592777|59594268	16	59592777	59594268	2	2_1_0	8	0.333	intron	ENSRNOG00000010392,	+	NB501259:25:HYMKWBGXX:3:21503:9482:19097,NB501259:25:HYMKWBGXX:1:11207:15271:1585,
16:79972175|79972933	16	79972175	79972933	1	1_1_0	0	1	intron	ENSRNOG00000066120,	+	NB501259:25:HYMKWBGXX:3:23406:6623:13070,
17:1570998|1579089	17	1570998	1579089	2	1_1_0	15	0.211	intron	ENSRNOG00000019354,	+	NB501259:25:HYMKWBGXX:2:11112:9817:17454,NB501259:25:HYMKWBGXX:4:22402:24969:2186,
17:4870450|4889468	17	4870450	4889468	1	1_1_0	18	0.100	exon	ENSRNOG00000016629,	+	NB501259:25:HYMKWBGXX:2:23305:11757:9042,
17:9082364|9089702	17	9082364	9089702	1	1_1_0	11	0.154	exon	ENSRNOG00000039807,	+	NB501259:25:HYMKWBGXX:4:11503:5234:7440,
17:12735124|12735270	17	12735124	12735270	1	1_1_0	2	0.500	intron	ENSRNOG00000062731,	-	NB501259:25:HYMKWBGXX:2:22202:4052:9194,
17:16388762|16389536	17	16388762	16389536	1	1_1_0	28	0.067	intergenic_region	n/a	+	NB501259:25:HYMKWBGXX:4:11411:2862:1117,
17:17983058|17989499	17	17983058	17989499	1	1_1_0	11	0.154	exon	ENSRNOG00000001456,	+	NB501259:25:HYMKWBGXX:1:22210:12589:4451,
17:21278162|21291211	17	21278162	21291211	1	1_1_0	40	0.048	exon	ENSRNOG00000017951,	+	NB501259:25:HYMKWBGXX:4:11403:22044:4475,
17:49508018|49522469	17	49508018	49522469	2	2_2_0	11	0.267	exon	ENSRNOG00000014395,	-	NB501259:25:HYMKWBGXX:1:22303:10166:3444,NB501259:25:HYMKWBGXX:2:22112:16777:10324,
17:50917884|50998027	17	50917884	50998027	1	1_1_0	2	0.500	exon	ENSRNOG00000016046,	+	NB501259:25:HYMKWBGXX:3:11605:7847:8911,
17:50923381|50976364	17	50923381	50976364	1	1_1_0	7	0.222	exon	ENSRNOG00000016046,	+	NB501259:25:HYMKWBGXX:1:23302:12842:11355,
17:51298565|51314326	17	51298565	51314326	1	1_1_0	24	0.077	exon	ENSRNOG00000029667,	+	NB501259:25:HYMKWBGXX:4:12406:17636:16198,
17:60782698|60783630	17	60782698	60783630	1	1_1_0	6	0.250	intron	ENSRNOG00000015288,	+	NB501259:25:HYMKWBGXX:3:23408:24142:12581,
17:60820744|60822472	17	60820744	60822472	1	1_1_0	12	0.143	exon	ENSRNOG00000015288,	-	NB501259:25:HYMKWBGXX:2:11109:21323:9578,
17:72296038|72330287	17	72296038	72330287	1	1_1_0	10	0.167	exon	ENSRNOG00000023593,	-	NB501259:25:HYMKWBGXX:1:12107:7479:7663,
17:74766504|74769005	17	74766504	74769005	1	1_1_0	7	0.222	exon	ENSRNOG00000015585,	+	NB501259:25:HYMKWBGXX:2:13305:17084:12739,
17:83382111|83394758	17	83382111	83394758	5	3_4_0	28	0.263	exon	ENSRNOG00000008659,	-	NB501259:25:HYMKWBGXX:3:11608:20562:13706,NB501259:25:HYMKWBGXX:4:21605:3746:7670,NB501259:25:HYMKWBGXX:4:23509:20811:7081,NB501259:25:HYMKWBGXX:3:11612:17183:18921,NB501259:25:HYMKWBGXX:4:12512:22215:7153,
18:30952174|30981946	18	30952174	30981946	4	4_1_0	64	0.111	exon	ENSRNOG00000013920,	+	NB501259:25:HYMKWBGXX:1:12311:9762:15319,NB501259:25:HYMKWBGXX:3:22511:16743:16413,NB501259:25:HYMKWBGXX:4:22610:8791:14058,NB501259:25:HYMKWBGXX:4:23501:24136:15374,
18:30952174|30998586	18	30952174	30998586	1	1_1_0	59	0.033	exon	ENSRNOG00000013920,	+	NB501259:25:HYMKWBGXX:1:23312:15873:19902,
18:47325312|47348144	18	47325312	47348144	1	1_1_0	13	0.133	exon	ENSRNOG00000016677,	+	NB501259:25:HYMKWBGXX:1:22206:21621:11058,
18:55872991|55885354	18	55872991	55885354	3	1_2_0	5	0.545	exon	ENSRNOG00000019134,	+	NB501259:25:HYMKWBGXX:3:21401:19876:17064,NB501259:25:HYMKWBGXX:1:12211:24276:4552,NB501259:25:HYMKWBGXX:1:23305:14609:9862,
18:67251066|67274438	18	67251066	67274438	2	2_1_0	7	0.364	exon	ENSRNOG00000051965,	-	NB501259:25:HYMKWBGXX:4:23607:18558:5225,NB501259:25:HYMKWBGXX:3:11402:10890:12827,
18:71168871|71202705	18	71168871	71202705	1	1_1_0	2	0.500	exon	ENSRNOG00000017215,	-	NB501259:25:HYMKWBGXX:3:21603:14778:1216,
18:77808079|77947407	18	77808079	77947407	1	1_1_0	3	0.400	exon	ENSRNOG00000043357,	-	NB501259:25:HYMKWBGXX:2:12310:19662:13273,
18:78243607|78245497	18	78243607	78245497	1	1_1_0	18	0.100	exon	ENSRNOG00000070068,	+	NB501259:25:HYMKWBGXX:4:21404:8320:2288,
18:78333010|78348143	18	78333010	78348143	2	1_2_0	6	0.400	exon	ENSRNOG00000038225,	+	NB501259:25:HYMKWBGXX:3:21409:16531:5234,NB501259:25:HYMKWBGXX:4:21511:10708:17326,
19:16001145|16014896	19	16001145	16014896	1	1_1_0	19	0.095	exon	ENSRNOG00000049302,	-	NB501259:25:HYMKWBGXX:1:21104:5048:18187,
19:16067051|16068663	19	16067051	16068663	3	3_3_0	15	0.286	exon	ENSRNOG00000049302,	-	NB501259:25:HYMKWBGXX:2:12207:4657:4460,NB501259:25:HYMKWBGXX:2:21107:8688:11470,NB501259:25:HYMKWBGXX:4:11411:16561:20124,
19:18720129|18726467	19	18720129	18726467	1	1_1_0	6	0.250	exon	ENSRNOG00000014419,	+	NB501259:25:HYMKWBGXX:3:11410:4267:6382,
19:28554553|28566333	19	28554553	28566333	1	1_1_0	2	0.500	exon	ENSRNOG00000018483,	+	NB501259:25:HYMKWBGXX:1:13111:24733:5549,
19:43688843|43698360	19	43688843	43698360	1	1_1_0	4	0.333	intron	ENSRNOG00000012428,	-	NB501259:25:HYMKWBGXX:4:21406:17257:7244,
19:50044768|50063769	19	50044768	50063769	1	1_1_0	7	0.222	exon	ENSRNOG00000019140,	+	NB501259:25:HYMKWBGXX:1:21303:1845:9267,
19:51560425|51563330	19	51560425	51563330	1	1_1_0	1	0.667	exon	ENSRNOG00000026964,	+	NB501259:25:HYMKWBGXX:1:12304:24687:9263,
2:6481151|6511618	2	6481151	6511618	1	1_1_0	54	0.036	exon	ENSRNOG00000013282,	+	NB501259:25:HYMKWBGXX:3:23410:25945:18307,
2:6481151|6532799	2	6481151	6532799	2	2_1_0	42	0.087	exon	ENSRNOG00000013282,	+	NB501259:25:HYMKWBGXX:3:23408:9698:7337,NB501259:25:HYMKWBGXX:3:12612:12813:6605,
2:6511525|6649608	2	6511525	6649608	1	1_1_0	42	0.045	exon	ENSRNOG00000013282,	+	NB501259:25:HYMKWBGXX:2:13301:1718:13419,
2:22740677|22765918	2	22740677	22765918	1	1_1_0	22	0.083	exon	ENSRNOG00000016213,	+	NB501259:25:HYMKWBGXX:4:12611:9737:20132,
2:24583888|24598599	2	24583888	24598599	6	4_5_0	33	0.267	exon	ENSRNOG00000047014,	+	NB501259:25:HYMKWBGXX:1:11101:6010:16268,NB501259:25:HYMKWBGXX:1:13303:25142:8611,NB501259:25:HYMKWBGXX:2:11202:18406:19527,NB501259:25:HYMKWBGXX:3:12405:12066:7180,NB501259:25:HYMKWBGXX:4:12411:25200:1897,NB501259:25:HYMKWBGXX:1:21104:12443:5629,
2:30158660|30172427	2	30158660	30172427	1	1_1_0	2	0.500	exon	ENSRNOG00000015334,	-	NB501259:25:HYMKWBGXX:2:22312:4864:20405,
2:35421243|35548857	2	35421243	35548857	1	1_1_0	13	0.133	intergenic_region	n/a	+	NB501259:25:HYMKWBGXX:4:12604:22431:12260,
2:49552836|49572597	2	49552836	49572597	1	1_1_0	16	0.111	intron	ENSRNOG00000055382,	+	NB501259:25:HYMKWBGXX:3:11410:25310:11447,
2:61932801|61958446	2	61932801	61958446	2	2_1_0	20	0.167	exon	ENSRNOG00000013451,	+	NB501259:25:HYMKWBGXX:4:11512:4129:10110,NB501259:25:HYMKWBGXX:1:12111:5181:9333,
2:98369903|98371501	2	98369903	98371501	1	1_1_0	51	0.038	exon	ENSRNOG00000010084,	+	NB501259:25:HYMKWBGXX:2:22104:16529:6096,
2:110432138|110547829	2	110432138	110547829	4	2_2_0	5	0.615	exon	ENSRNOG00000024089,	-	NB501259:25:HYMKWBGXX:2:13108:6392:6974,NB501259:25:HYMKWBGXX:4:11410:18593:6585,NB501259:25:HYMKWBGXX:1:21304:25093:11283,NB501259:25:HYMKWBGXX:3:21507:15196:15295,
2:112431811|112455277	2	112431811	112455277	1	1_1_0	47	0.041	exon	ENSRNOG00000009491,	+	NB501259:25:HYMKWBGXX:4:22404:20317:1709,
2:124647888|124719172	2	124647888	124719172	1	1_1_0	13	0.133	exon	ENSRNOG00000014139,	-	NB501259:25:HYMKWBGXX:3:23401:6611:3081,
2:124647888|124728147	2	124647888	124728147	2	1_2_0	23	0.148	exon	ENSRNOG00000014139,	-	NB501259:25:HYMKWBGXX:4:21409:20988:13206,NB501259:25:HYMKWBGXX:2:23104:9995:19422,
2:124647888|124728209	2	124647888	124728209	3	3_1_0	15	0.286	exon	ENSRNOG00000014139,	-	NB501259:25:HYMKWBGXX:2:22210:3340:7325,NB501259:25:HYMKWBGXX:1:13312:14139:2144,NB501259:25:HYMKWBGXX:3:11507:4065:19778,
2:135503240|135508144	2	135503240	135508144	2	2_2_0	21	0.160	exon	ENSRNOG00000012385,	+	NB501259:25:HYMKWBGXX:2:23208:2914:20102,NB501259:25:HYMKWBGXX:4:21504:12922:8848,
2:135884762|135886354	2	135884762	135886354	1	1_1_0	1	0.667	exon	ENSRNOG00000067338,	-	NB501259:25:HYMKWBGXX:4:22410:22678:15944,
2:140241465|140252257	2	140241465	140252257	1	1_1_0	35	0.054	exon	ENSRNOG00000065312,	-	NB501259:25:HYMKWBGXX:2:12205:20850:5093,
2:141504211|141505485	2	141504211	141505485	3	3_3_0	1	0.857	intron	ENSRNOG00000016437,	-	NB501259:25:HYMKWBGXX:1:12111:7131:19465,NB501259:25:HYMKWBGXX:3:12610:6167:4388,NB501259:25:HYMKWBGXX:4:21403:3738:17544,
2:149947624|150020602	2	149947624	150020602	1	1_1_0	4	0.333	exon	ENSRNOG00000031247,	+	NB501259:25:HYMKWBGXX:1:21303:11213:11274,
2:154026018|154031873	2	154026018	154031873	1	1_1_0	15	0.118	exon	ENSRNOG00000009310,	+	NB501259:25:HYMKWBGXX:3:22607:9276:5076,
2:157952483|158064478	2	157952483	158064478	1	1_1_0	2	0.500	intergenic_region	n/a	+	NB501259:25:HYMKWBGXX:3:12501:8191:7446,
2:169860795|169898969	2	169860795	169898969	1	1_1_0	1	0.667	exon	ENSRNOG00000010533,	-	NB501259:25:HYMKWBGXX:4:12605:11659:2421,
2:174362748|174379854	2	174362748	174379854	1	1_1_0	47	0.041	exon	ENSRNOG00000020386,	+	NB501259:25:HYMKWBGXX:4:11509:13139:8472,
2:174362748|174402781	2	174362748	174402781	3	2_3_0	37	0.140	exon	ENSRNOG00000020386,	+	NB501259:25:HYMKWBGXX:1:23101:23547:16547,NB501259:25:HYMKWBGXX:4:21508:7327:17479,NB501259:25:HYMKWBGXX:2:22209:4008:9951,
2:174362748|174424074	2	174362748	174424074	1	1_1_0	31	0.061	exon	ENSRNOG00000020386,	+	NB501259:25:HYMKWBGXX:2:12112:17939:5688,
2:175816021|175818695	2	175816021	175818695	1	1_1_0	55	0.035	exon	ENSRNOG00000015553,	+	NB501259:25:HYMKWBGXX:4:13403:23081:6296,
2:185303499|185354907	2	185303499	185354907	1	1_1_0	6	0.250	exon	ENSRNOG00000018220,	-	NB501259:25:HYMKWBGXX:2:12309:25477:10553,
2:188029958|188056752	2	188029958	188056752	1	1_1_0	16	0.111	exon	ENSRNOG00000015226,	-	NB501259:25:HYMKWBGXX:2:23201:3210:7301,
2:197819180|197819922	2	197819180	197819922	2	2_1_0	6	0.400	exon	ENSRNOG00000031136,	-	NB501259:25:HYMKWBGXX:2:13305:8710:12042,NB501259:25:HYMKWBGXX:3:23503:5038:1802,
2:207836114|207855272	2	207836114	207855272	2	2_2_0	16	0.200	exon	ENSRNOG00000010827,	-	NB501259:25:HYMKWBGXX:1:13104:16697:1219,NB501259:25:HYMKWBGXX:4:13607:9582:8127,
2:235812035|235830498	2	235812035	235830498	1	1_1_0	166	0.012	exon	ENSRNOG00000031997,	+	NB501259:25:HYMKWBGXX:2:21102:5568:3267,
2:241351906|241360501	2	241351906	241360501	1	1_1_0	5	0.286	exon	ENSRNOG00000050321,	+	NB501259:25:HYMKWBGXX:4:23612:3544:6533,
20:2644413|2664766	20	2644413	2664766	1	0_1_1	24	0.077	intron	ENSRNOG00000031607,	+	NB501259:25:HYMKWBGXX:2:13309:9796:8950,
20:18779949|18783029	20	18779949	18783029	2	1_2_0	21	0.160	intron	ENSRNOG00000053288,	-	NB501259:25:HYMKWBGXX:2:21208:21281:7995,NB501259:25:HYMKWBGXX:4:12511:24517:13082,
20:21351756|21367060	20	21351756	21367060	1	1_1_0	21	0.087	exon	ENSRNOG00000000648,	-	NB501259:25:HYMKWBGXX:4:22606:24077:8238,
20:25620848|25624726	20	25620848	25624726	2	2_2_0	27	0.129	exon	ENSRNOG00000048193,	+	NB501259:25:HYMKWBGXX:1:22207:8129:18300,NB501259:25:HYMKWBGXX:3:11412:20111:8705,
20:25805852|25812069	20	25805852	25812069	2	2_1_0	4	0.500	exon	ENSRNOG00000000277,	+	NB501259:25:HYMKWBGXX:3:12411:5591:11752,NB501259:25:HYMKWBGXX:4:11411:24521:7618,
20:30827017|30850382	20	30827017	30850382	1	1_1_0	2	0.500	exon	ENSRNOG00000030109,	+	NB501259:25:HYMKWBGXX:1:23209:20727:19714,
20:43244024|43254082	20	43244024	43254082	1	1_1_0	15	0.118	exon	ENSRNOG00000000593,	+	NB501259:25:HYMKWBGXX:1:21307:20055:13982,
3:15305874|15320035	3	15305874	15320035	1	1_1_0	1	0.667	exon	ENSRNOG00000023393,	+	NB501259:25:HYMKWBGXX:2:12307:11521:3205,
3:17108585|17179768	3	17108585	17179768	1	1_1_0	6	0.250	exon	ENSRNOG00000017172,	-	NB501259:25:HYMKWBGXX:4:21607:21839:14180,
3:17727433|17833114	3	17727433	17833114	1	1_1_0	9	0.182	intron	ENSRNOG00000017583,	+	NB501259:25:HYMKWBGXX:3:11601:21898:17434,
3:17741317|17753437	3	17741317	17753437	16	13_9_0	25	0.561	exon	ENSRNOG00000017583,	+	NB501259:25:HYMKWBGXX:1:12212:5364:4418,NB501259:25:HYMKWBGXX:1:13201:18857:15099,NB501259:25:HYMKWBGXX:1:13301:1975:10197,NB501259:25:HYMKWBGXX:2:13306:25271:1649,NB501259:25:HYMKWBGXX:3:12404:11094:9216,NB501259:25:HYMKWBGXX:3:21405:10339:6537,NB501259:25:HYMKWBGXX:4:12611:26419:7138,NB501259:25:HYMKWBGXX:4:21501:26209:19035,NB501259:25:HYMKWBGXX:1:11210:21363:12032,NB501259:25:HYMKWBGXX:1:22212:19406:19863,NB501259:25:HYMKWBGXX:2:12110:12137:1577,NB501259:25:HYMKWBGXX:2:23101:13511:4113,NB501259:25:HYMKWBGXX:3:22606:1742:7531,NB501259:25:HYMKWBGXX:4:12402:14741:14075,NB501259:25:HYMKWBGXX:4:13512:19957:12023,NB501259:25:HYMKWBGXX:4:23404:14565:2280,
3:17741317|17802585	3	17741317	17802585	4	4_4_0	28	0.222	exon	ENSRNOG00000017583,	+	NB501259:25:HYMKWBGXX:1:23209:21740:14869,NB501259:25:HYMKWBGXX:2:23304:5972:2557,NB501259:25:HYMKWBGXX:3:12607:10713:18603,NB501259:25:HYMKWBGXX:4:11505:4465:4655,
3:21389168|21414948	3	21389168	21414948	5	4_4_0	16	0.385	exon	ENSRNOG00000010150,	-	NB501259:25:HYMKWBGXX:1:11301:15860:13238,NB501259:25:HYMKWBGXX:1:12106:9133:9646,NB501259:25:HYMKWBGXX:2:12312:12059:6370,NB501259:25:HYMKWBGXX:1:12207:6869:18385,NB501259:25:HYMKWBGXX:4:12612:2831:14685,
3:21878740|21892511	3	21878740	21892511	1	1_1_0	6	0.250	intron	ENSRNOG00000010526,	-	NB501259:25:HYMKWBGXX:3:23404:15945:1044,
3:25195879|25301810	3	25195879	25301810	1	1_1_0	8	0.200	exon	ENSRNOG00000030243,	-	NB501259:25:HYMKWBGXX:4:21510:16452:7054,
3:33691214|33729682	3	33691214	33729682	1	1_1_0	25	0.074	exon	ENSRNOG00000027596,	+	NB501259:25:HYMKWBGXX:2:21107:13976:5043,
3:39385366|39386303	3	39385366	39386303	1	1_1_0	7	0.222	intron	ENSRNOG00000005335,	+	NB501259:25:HYMKWBGXX:2:13111:5025:5903,
3:47467759|47497310	3	47467759	47497310	1	1_1_0	2	0.500	exon	ENSRNOG00000007528,	-	NB501259:25:HYMKWBGXX:3:22509:14611:17742,
3:53010070|53108392	3	53010070	53108392	1	1_1_0	9	0.182	exon	ENSRNOG00000024808,	-	NB501259:25:HYMKWBGXX:2:23206:14007:4147,
3:53010070|53120229	3	53010070	53120229	1	1_1_0	6	0.250	exon	ENSRNOG00000024808,	-	NB501259:25:HYMKWBGXX:1:23207:17128:18867,
3:54622383|54625276	3	54622383	54625276	1	1_1_0	7	0.222	exon	ENSRNOG00000007998,	+	NB501259:25:HYMKWBGXX:2:22111:4983:14223,
3:57821407|57847776	3	57821407	57847776	3	2_3_0	13	0.316	exon	ENSRNOG00000060479,	-	NB501259:25:HYMKWBGXX:2:21102:20612:15955,NB501259:25:HYMKWBGXX:3:13503:11430:1472,NB501259:25:HYMKWBGXX:3:22412:4544:17659,
3:78194551|78303446	3	78194551	78303446	1	1_1_0	11	0.154	exon	ENSRNOG00000006063,	+	NB501259:25:HYMKWBGXX:3:12606:9176:10427,
3:80296244|80342833	3	80296244	80342833	2	2_2_0	2	0.667	exon	ENSRNOG00000010495,	-	NB501259:25:HYMKWBGXX:1:21305:4859:3615,NB501259:25:HYMKWBGXX:1:22206:3490:14430,
3:106686730|106704963	3	106686730	106704963	1	1_1_0	17	0.105	exon	ENSRNOG00000005183,	+	NB501259:25:HYMKWBGXX:1:12111:21924:19525,
3:108862991|108863836	3	108862991	108863836	1	1_1_0	39	0.049	exon	ENSRNOG00000016357,	+	NB501259:25:HYMKWBGXX:3:23405:9907:11978,
3:115918911|115923776	3	115918911	115923776	1	1_1_0	4	0.333	exon	ENSRNOG00000016965,	-	NB501259:25:HYMKWBGXX:4:11610:22072:5305,
3:136337014|136340618	3	136337014	136340618	1	1_1_0	192	0.010	exon	ENSRNOG00000005195,	-	NB501259:25:HYMKWBGXX:3:23601:24908:5009,
3:154454874|154475000	3	154454874	154475000	1	1_1_0	0	1	exon	ENSRNOG00000019203,	+	NB501259:25:HYMKWBGXX:1:23203:20291:16706,
3:156176462|156193098	3	156176462	156193098	1	1_1_0	13	0.133	exon	ENSRNOG00000008354,	+	NB501259:25:HYMKWBGXX:2:21105:15800:19639,
3:159167796|159178221	3	159167796	159178221	1	1_1_0	61	0.032	exon	ENSRNOG00000012906,	-	NB501259:25:HYMKWBGXX:3:11403:21379:18374,
3:168196950|168197291	3	168196950	168197291	1	1_1_0	10	0.167	intron	ENSRNOG00000011624,	+	NB501259:25:HYMKWBGXX:4:22610:26249:9982,
4:9304509|9306148	4	9304509	9306148	3	2_3_0	26	0.188	exon	ENSRNOG00000031855,	-	NB501259:25:HYMKWBGXX:2:12108:14086:18838,NB501259:25:HYMKWBGXX:2:13205:20388:11440,NB501259:25:HYMKWBGXX:1:23302:12568:16116,
4:11687826|11714504	4	11687826	11714504	1	1_1_0	31	0.061	intron	ENSRNOG00000021614,	-	NB501259:25:HYMKWBGXX:2:12201:5024:3243,
4:11695909|11711196	4	11695909	11711196	1	1_1_0	30	0.062	exon	ENSRNOG00000021614,	-	NB501259:25:HYMKWBGXX:4:22402:21707:11607,
4:14849083|15007052	4	14849083	15007052	1	1_1_0	13	0.133	intron	ENSRNOG00000013962,	-	NB501259:25:HYMKWBGXX:1:12310:18793:7937,
4:19732556|19789400	4	19732556	19789400	1	1_1_0	22	0.083	exon	ENSRNOG00000005726,	-	NB501259:25:HYMKWBGXX:1:13104:11110:15520,
4:19833488|19845159	4	19833488	19845159	2	2_2_0	61	0.062	exon	ENSRNOG00000005726,	-	NB501259:25:HYMKWBGXX:1:11309:10930:1501,NB501259:25:HYMKWBGXX:4:22506:10598:12163,
4:19883923|19904248	4	19883923	19904248	1	1_1_0	52	0.037	exon	ENSRNOG00000005726,	-	NB501259:25:HYMKWBGXX:4:23602:5033:9668,
4:20023119|20024576	4	20023119	20024576	3	3_3_0	37	0.140	exon	ENSRNOG00000005726,	-	NB501259:25:HYMKWBGXX:1:11101:23134:6767,NB501259:25:HYMKWBGXX:1:22303:11297:5019,NB501259:25:HYMKWBGXX:2:11311:14702:15875,
4:20023119|20044441	4	20023119	20044441	2	1_2_0	37	0.098	exon	ENSRNOG00000005726,	-	NB501259:25:HYMKWBGXX:4:21402:24229:9064,NB501259:25:HYMKWBGXX:2:22102:1605:4749,
4:30370087|30424643	4	30370087	30424643	1	1_1_0	17	0.105	exon	ENSRNOG00000005502,	+	NB501259:25:HYMKWBGXX:2:12109:23773:17429,
4:31537813|31554735	4	31537813	31554735	2	1_1_0	24	0.143	exon	ENSRNOG00000009894,	+	NB501259:25:HYMKWBGXX:1:12303:17805:3770,NB501259:25:HYMKWBGXX:3:12511:19511:18401,
4:36589431|36623887	4	36589431	36623887	2	2_1_0	10	0.286	exon	ENSRNOG00000008524,	+	NB501259:25:HYMKWBGXX:1:21309:10073:5544,NB501259:25:HYMKWBGXX:3:13611:5436:10527,
4:40031782|40032545	4	40031782	40032545	1	1_1_0	7	0.222	exon	ENSRNOG00000005775,	+	NB501259:25:HYMKWBGXX:1:13206:8375:2509,
4:51557610|51579190	4	51557610	51579190	1	1_1_0	45	0.043	exon	ENSRNOG00000006030,	+	NB501259:25:HYMKWBGXX:3:22606:21633:19530,
4:58539847|58559293	4	58539847	58559293	1	1_1_0	35	0.054	exon	ENSRNOG00000057729,	+	NB501259:25:HYMKWBGXX:4:22511:20591:11315,
4:59380036|59380666	4	59380036	59380666	1	1_1_0	157	0.013	intron	ENSRNOG00000011014,	+	NB501259:25:HYMKWBGXX:1:22301:4139:6372,
4:66617526|66646151	4	66617526	66646151	1	1_1_0	13	0.133	exon	ENSRNOG00000013251,	+	NB501259:25:HYMKWBGXX:1:11205:1426:1180,
4:67173056|67233655	4	67173056	67233655	1	1_1_0	15	0.118	intergenic_region	n/a	+	NB501259:25:HYMKWBGXX:2:12207:25593:11742,
4:67190988|67209356	4	67190988	67209356	2	2_2_0	20	0.167	exon	ENSRNOG00000005564,	+	NB501259:25:HYMKWBGXX:3:21507:2661:5102,NB501259:25:HYMKWBGXX:4:23503:11903:7795,
4:67211804|67216538	4	67211804	67216538	8	5_7_3	25	0.390	exon	ENSRNOG00000005564,	+	NB501259:25:HYMKWBGXX:1:21108:8927:5560,NB501259:25:HYMKWBGXX:2:21204:1388:17337,NB501259:25:HYMKWBGXX:2:21208:13152:15094,NB501259:25:HYMKWBGXX:2:23101:17889:7639,NB501259:25:HYMKWBGXX:2:23206:8797:5625,NB501259:25:HYMKWBGXX:3:11402:21516:11668,NB501259:25:HYMKWBGXX:3:21503:13826:6696,NB501259:25:HYMKWBGXX:4:12505:7906:6179,
4:68439107|68473338	4	68439107	68473338	1	1_1_0	9	0.182	exon	ENSRNOG00000010957,	-	NB501259:25:HYMKWBGXX:2:11307:19201:16833,
4:95149591|95205604	4	95149591	95205604	1	1_1_0	3	0.400	exon	ENSRNOG00000023679,	+	NB501259:25:HYMKWBGXX:2:22106:21496:18711,
4:114490488|114504566	4	114490488	114504566	3	2_2_0	4	0.600	exon	ENSRNOG00000006888,	+	NB501259:25:HYMKWBGXX:3:13404:26176:11654,NB501259:25:HYMKWBGXX:3:13601:26541:10074,NB501259:25:HYMKWBGXX:4:22512:14332:13787,
4:116420724|116454208	4	116420724	116454208	1	1_1_0	31	0.061	exon	ENSRNOG00000014501,	+	NB501259:25:HYMKWBGXX:2:13307:2480:15329,
4:116427494|116442793	4	116427494	116442793	2	2_1_0	31	0.114	exon	ENSRNOG00000014501,	+	NB501259:25:HYMKWBGXX:2:21210:2423:6322,NB501259:25:HYMKWBGXX:3:12611:10814:8366,
4:118176755|118201013	4	118176755	118201013	1	1_1_0	8	0.200	exon	ENSRNOG00000022343,	+	NB501259:25:HYMKWBGXX:1:12303:19848:14246,
4:129774514|129779212	4	129774514	129779212	2	1_1_0	3	0.571	exon	ENSRNOG00000056462,	-	NB501259:25:HYMKWBGXX:4:12411:25014:10541,NB501259:25:HYMKWBGXX:4:13409:2878:4804,
4:131638252|131651656	4	131638252	131651656	5	3_4_0	56	0.152	exon	ENSRNOG00000009184,	-	NB501259:25:HYMKWBGXX:1:21302:5159:13000,NB501259:25:HYMKWBGXX:2:23306:7268:6799,NB501259:25:HYMKWBGXX:4:23605:13929:6814,NB501259:25:HYMKWBGXX:2:21307:22189:17482,NB501259:25:HYMKWBGXX:4:21509:13572:2311,
4:132197042|132285572	4	132197042	132285572	1	1_1_0	2	0.500	intergenic_region	n/a	-	NB501259:25:HYMKWBGXX:3:23606:21433:15251,
4:167575820|167593978	4	167575820	167593978	1	1_1_0	0	1	exon	ENSRNOG00000006628,	-	NB501259:25:HYMKWBGXX:3:13608:19544:17751,
5:2888566|2958343	5	2888566	2958343	1	1_1_0	37	0.051	exon	ENSRNOG00000042458,	+	NB501259:25:HYMKWBGXX:2:11303:22201:10950,
5:5013706|5058649	5	5013706	5058649	1	1_1_0	2	0.500	exon	ENSRNOG00000007590,	+	NB501259:25:HYMKWBGXX:2:23111:13754:10754,
5:12308833|12324034	5	12308833	12324034	1	1_1_0	14	0.125	exon	ENSRNOG00000005730,	-	NB501259:25:HYMKWBGXX:1:13312:2788:20233,
5:29643691|29657608	5	29643691	29657608	2	1_2_0	9	0.308	exon	ENSRNOG00000009389,	-	NB501259:25:HYMKWBGXX:2:21303:10575:16147,NB501259:25:HYMKWBGXX:4:21512:23942:7595,
5:88113755|88255583	5	88113755	88255583	1	1_1_0	5	0.286	exon	ENSRNOG00000006644,	+	NB501259:25:HYMKWBGXX:1:12210:4658:11486,
5:97933732|98022503	5	97933732	98022503	1	1_1_0	3	0.400	exon	ENSRNOG00000033445,	+	NB501259:25:HYMKWBGXX:4:13502:11335:6235,
5:99362438|99391988	5	99362438	99391988	2	1_2_0	10	0.286	exon	ENSRNOG00000043151,	+	NB501259:25:HYMKWBGXX:4:21605:24030:1834,NB501259:25:HYMKWBGXX:4:11611:12494:6786,
5:99379078|99411842	5	99379078	99411842	1	1_1_0	7	0.222	exon	ENSRNOG00000043151,	+	NB501259:25:HYMKWBGXX:1:13106:26198:13971,
5:102326743|102327450	5	102326743	102327450	4	4_3_0	23	0.258	exon	ENSRNOG00000011280,	-	NB501259:25:HYMKWBGXX:1:12303:11907:19636,NB501259:25:HYMKWBGXX:3:13505:10587:1513,NB501259:25:HYMKWBGXX:4:12603:19503:11206,NB501259:25:HYMKWBGXX:1:21108:13581:16849,
5:102326743|102357828	5	102326743	102357828	1	1_1_0	16	0.111	exon	ENSRNOG00000011280,	-	NB501259:25:HYMKWBGXX:4:13411:16120:15587,
5:109548260|109563716	5	109548260	109563716	2	1_1_0	10	0.286	exon	ENSRNOG00000008075,	+	NB501259:25:HYMKWBGXX:1:22207:1572:5460,NB501259:25:HYMKWBGXX:3:13509:18872:17332,
5:117805150|117827572	5	117805150	117827572	1	1_1_0	12	0.143	exon	ENSRNOG00000006999,	-	NB501259:25:HYMKWBGXX:1:23102:21773:13546,
5:117815638|117827572	5	117815638	117827572	1	1_1_0	6	0.250	exon	ENSRNOG00000006999,	-	NB501259:25:HYMKWBGXX:4:21503:2619:14185,
5:118605435|118608705	5	118605435	118608705	1	1_1_0	1	0.667	intron	ENSRNOG00000070508,	+	NB501259:25:HYMKWBGXX:2:11306:2892:18311,
5:121123640|121132328	5	121123640	121132328	1	1_1_0	23	0.080	exon	ENSRNOG00000005802,	+	NB501259:25:HYMKWBGXX:4:22603:19714:3253,
5:130428243|130438890	5	130428243	130438890	1	1_1_0	7	0.222	exon	ENSRNOG00000018160,	+	NB501259:25:HYMKWBGXX:4:22511:11483:2813,
5:138644978|138658523	5	138644978	138658523	3	3_2_0	15	0.286	exon	ENSRNOG00000034269,	-	NB501259:25:HYMKWBGXX:3:12506:2492:3897,NB501259:25:HYMKWBGXX:3:12507:16096:16803,NB501259:25:HYMKWBGXX:3:12512:15458:8673,
5:139184585|139210862	5	139184585	139210862	1	1_1_0	22	0.083	exon	ENSRNOG00000012397,	-	NB501259:25:HYMKWBGXX:4:21507:9453:8641,
5:141518634|141528970	5	141518634	141528970	3	1_3_1	7	0.462	intron	ENSRNOG00000007099,	-	NB501259:25:HYMKWBGXX:2:11204:26259:11303,NB501259:25:HYMKWBGXX:4:22505:19821:20368,NB501259:25:HYMKWBGXX:3:12601:4742:14732,
5:141523973|141528970	5	141523973	141528970	8	7_6_0	13	0.552	exon	ENSRNOG00000007099,	-	NB501259:25:HYMKWBGXX:1:13109:26577:3564,NB501259:25:HYMKWBGXX:3:11409:16778:8707,NB501259:25:HYMKWBGXX:3:21508:14387:18710,NB501259:25:HYMKWBGXX:4:11608:23151:5367,NB501259:25:HYMKWBGXX:4:21405:7510:11313,NB501259:25:HYMKWBGXX:1:12103:12831:7871,NB501259:25:HYMKWBGXX:1:23210:15401:18371,NB501259:25:HYMKWBGXX:3:11509:21962:3383,
5:145948264|145951212	5	145948264	145951212	14	10_12_0	19	0.596	exon	ENSRNOG00000006137,	-	NB501259:25:HYMKWBGXX:1:11312:23917:4444,NB501259:25:HYMKWBGXX:1:12312:4259:7676,NB501259:25:HYMKWBGXX:1:13110:16665:10865,NB501259:25:HYMKWBGXX:1:22104:11270:14222,NB501259:25:HYMKWBGXX:2:11101:25247:10721,NB501259:25:HYMKWBGXX:2:21312:21437:13879,NB501259:25:HYMKWBGXX:2:22307:10378:8173,NB501259:25:HYMKWBGXX:2:23108:8921:15696,NB501259:25:HYMKWBGXX:2:23307:13189:12800,NB501259:25:HYMKWBGXX:3:12606:14433:3243,NB501259:25:HYMKWBGXX:2:12203:22086:3621,NB501259:25:HYMKWBGXX:3:11612:6693:9197,NB501259:25:HYMKWBGXX:3:13406:25887:15067,NB501259:25:HYMKWBGXX:3:22609:9204:12404,
5:145949642|145951212	5	145949642	145951212	1	1_1_0	33	0.057	exon	ENSRNOG00000006137,	-	NB501259:25:HYMKWBGXX:1:12308:15584:9625,
5:160889844|160890309	5	160889844	160890309	1	1_1_0	6	0.250	exon	ENSRNOG00000017940,	+	NB501259:25:HYMKWBGXX:2:12209:8840:16313,
5:160919757|160959535	5	160919757	160959535	3	3_2_0	10	0.375	exon	ENSRNOG00000017940,	+	NB501259:25:HYMKWBGXX:2:23109:7835:9151,NB501259:25:HYMKWBGXX:2:23311:12250:9963,NB501259:25:HYMKWBGXX:3:11506:13433:20160,
6:6043755|6044305	6	6043755	6044305	1	1_1_0	1	0.667	exon	ENSRNOG00000040110,	-	NB501259:25:HYMKWBGXX:2:11304:16497:5059,
6:9486886|9487862	6	9486886	9487862	1	1_1_0	4	0.333	intron	ENSRNOG00000030629,	-	NB501259:25:HYMKWBGXX:3:11505:12980:7796,
6:21187291|21234010	6	21187291	21234010	1	1_1_0	10	0.167	exon	ENSRNOG00000006340,	+	NB501259:25:HYMKWBGXX:3:11504:16470:7348,
6:26449014|26488782	6	26449014	26488782	1	1_1_0	17	0.105	exon	ENSRNOG00000011908,	+	NB501259:25:HYMKWBGXX:2:23309:17678:13264,
6:26615541|26670251	6	26615541	26670251	1	1_1_0	32	0.059	exon	ENSRNOG00000011914,	+	NB501259:25:HYMKWBGXX:4:21501:10817:8875,
6:27282447|27288373	6	27282447	27288373	2	1_2_0	29	0.121	exon	ENSRNOG00000004068,	-	NB501259:25:HYMKWBGXX:1:21308:10217:4283,NB501259:25:HYMKWBGXX:3:11412:13843:13862,
6:27946775|28012735	6	27946775	28012735	1	1_1_0	2	0.500	exon	ENSRNOG00000058973,	+	NB501259:25:HYMKWBGXX:1:11305:23626:4440,
6:41146719|41154691	6	41146719	41154691	2	2_2_0	4	0.500	exon	ENSRNOG00000061415,	+	NB501259:25:HYMKWBGXX:4:22604:9814:14534,NB501259:25:HYMKWBGXX:4:23411:2041:13524,
6:49577542|49579659	6	49577542	49579659	1	1_1_0	1	0.667	intron	ENSRNOG00000009856,	+	NB501259:25:HYMKWBGXX:2:11107:17100:18196,
6:51090140|51152934	6	51090140	51152934	1	1_1_0	7	0.222	exon	ENSRNOG00000004158,	-	NB501259:25:HYMKWBGXX:4:11404:14194:15755,
6:51841638|51855811	6	51841638	51855811	1	1_1_0	21	0.087	exon	ENSRNOG00000004186,	+	NB501259:25:HYMKWBGXX:3:22401:17876:9816,
6:54751326|54751686	6	54751326	54751686	1	1_1_0	3	0.400	intron	ENSRNOG00000030771,	+	NB501259:25:HYMKWBGXX:4:22605:15050:4929,
6:54868164|54915612	6	54868164	54915612	1	1_1_0	100	0.020	exon	ENSRNOG00000030771,	+	NB501259:25:HYMKWBGXX:1:21204:3071:16200,
6:61356973|61361923	6	61356973	61361923	3	3_1_0	20	0.231	exon	ENSRNOG00000039091,	+	NB501259:25:HYMKWBGXX:1:21203:5314:16843,NB501259:25:HYMKWBGXX:3:22607:21974:14560,NB501259:25:HYMKWBGXX:4:12401:20203:13055,
6:69063442|69101625	6	69063442	69101625	1	1_1_0	7	0.222	exon	ENSRNOG00000060335,	-	NB501259:25:HYMKWBGXX:1:11204:5747:4552,
6:69988038|70016878	6	69988038	70016878	2	1_1_0	25	0.138	exon	ENSRNOG00000004696,	+	NB501259:25:HYMKWBGXX:1:12112:3985:6983,NB501259:25:HYMKWBGXX:3:12406:12229:1319,
6:73079017|73083022	6	73079017	73083022	4	2_3_0	15	0.348	exon	ENSRNOG00000046256,	-	NB501259:25:HYMKWBGXX:2:23209:7204:8634,NB501259:25:HYMKWBGXX:1:23104:19363:13433,NB501259:25:HYMKWBGXX:2:23110:1117:10140,NB501259:25:HYMKWBGXX:3:13609:5468:10994,
6:83138108|83156788	6	83138108	83156788	1	1_1_0	4	0.333	exon	ENSRNOG00000056721,	+	NB501259:25:HYMKWBGXX:3:13504:8409:15920,
6:87065437|87083655	6	87065437	87083655	1	1_1_0	0	1	intergenic_region	n/a	-	NB501259:25:HYMKWBGXX:4:23504:1903:15590,
6:92848236|92882906	6	92848236	92882906	2	2_1_0	4	0.500	exon	ENSRNOG00000056012,	+	NB501259:25:HYMKWBGXX:4:11507:16622:17893,NB501259:25:HYMKWBGXX:2:12208:14195:11208,
6:97611473|97627294	6	97611473	97627294	1	1_1_0	16	0.111	exon	ENSRNOG00000008788,	+	NB501259:25:HYMKWBGXX:2:11103:25672:5974,
6:104697576|104717802	6	104697576	104717802	1	1_1_0	22	0.083	exon	ENSRNOG00000027317,	+	NB501259:25:HYMKWBGXX:4:13512:14466:14578,
6:104967662|104977562	6	104967662	104977562	1	1_1_0	2	0.500	exon	ENSRNOG00000058572,	-	NB501259:25:HYMKWBGXX:4:22607:21782:17049,
6:105501479|105534984	6	105501479	105534984	1	1_1_0	10	0.167	exon	ENSRNOG00000009318,	+	NB501259:25:HYMKWBGXX:4:12509:8222:18107,
6:118012211|118030804	6	118012211	118030804	1	1_1_0	14	0.125	exon	ENSRNOG00000004083,	+	NB501259:25:HYMKWBGXX:1:23303:9428:14517,
6:122125681|122155184	6	122125681	122155184	4	3_4_0	20	0.286	exon	ENSRNOG00000008728,	+	NB501259:25:HYMKWBGXX:1:21102:5940:17856,NB501259:25:HYMKWBGXX:1:21106:21433:10185,NB501259:25:HYMKWBGXX:1:22209:21223:4608,NB501259:25:HYMKWBGXX:4:11506:18322:9691,
6:128519582|128520222	6	128519582	128520222	1	1_1_0	286	0.007	intergenic_region	n/a	+	NB501259:25:HYMKWBGXX:2:11207:17938:16794,
6:128635823|128643027	6	128635823	128643027	1	1_0_1	68	0.029	intergenic_region	n/a	+	NB501259:25:HYMKWBGXX:2:11105:21474:16106,
6:137140466|137182033	6	137140466	137182033	1	1_1_0	9	0.182	exon	ENSRNOG00000004520,	-	NB501259:25:HYMKWBGXX:4:23601:17869:19961,
7:8746600|8746802	7	8746600	8746802	3	1_1_0	3	0.667	intron	ENSRNOG00000019857,	+	NB501259:25:HYMKWBGXX:1:22204:23922:7591,NB501259:25:HYMKWBGXX:3:22403:5619:2464,NB501259:25:HYMKWBGXX:4:13605:19662:15571,
7:24516410|24537144	7	24516410	24537144	1	1_1_0	14	0.125	exon	ENSRNOG00000024870,	+	NB501259:25:HYMKWBGXX:1:12210:1150:19797,
7:24796333|24838523	7	24796333	24838523	1	1_1_0	11	0.154	exon	ENSRNOG00000024870,	+	NB501259:25:HYMKWBGXX:1:11101:24534:2098,
7:26614989|26675644	7	26614989	26675644	19	14_14_0	7	0.844	intergenic_region	n/a	-	NB501259:25:HYMKWBGXX:1:11104:6925:18106,NB501259:25:HYMKWBGXX:1:22108:25549:9582,NB501259:25:HYMKWBGXX:1:22208:5632:13022,NB501259:25:HYMKWBGXX:2:12205:7573:15371,NB501259:25:HYMKWBGXX:2:21111:15347:6618,NB501259:25:HYMKWBGXX:2:22105:11480:2899,NB501259:25:HYMKWBGXX:2:23110:18673:12247,NB501259:25:HYMKWBGXX:3:11410:5226:14524,NB501259:25:HYMKWBGXX:3:12407:17797:16234,NB501259:25:HYMKWBGXX:3:23603:7767:4162,NB501259:25:HYMKWBGXX:4:11405:24794:6322,NB501259:25:HYMKWBGXX:4:21506:9537:15188,NB501259:25:HYMKWBGXX:4:21607:15386:2073,NB501259:25:HYMKWBGXX:1:21107:11736:5411,NB501259:25:HYMKWBGXX:2:21212:15751:9168,NB501259:25:HYMKWBGXX:2:21306:4744:6840,NB501259:25:HYMKWBGXX:3:12410:4002:14572,NB501259:25:HYMKWBGXX:3:22511:22051:11357,NB501259:25:HYMKWBGXX:3:23604:25067:18777,
7:30650563|30662967	7	30650563	30662967	1	1_1_0	20	0.091	exon	ENSRNOG00000021681,	+	NB501259:25:HYMKWBGXX:1:11103:25902:9478,
7:45075654|45092748	7	45075654	45092748	1	1_1_0	8	0.200	exon	ENSRNOG00000052157,	-	NB501259:25:HYMKWBGXX:2:23203:7370:4403,
7:45231482|45263053	7	45231482	45263053	1	1_1_0	6	0.250	exon	ENSRNOG00000052157,	-	NB501259:25:HYMKWBGXX:2:21206:16509:20258,
7:61117327|61164795	7	61117327	61164795	2	2_2_0	7	0.364	intergenic_region	n/a	-	NB501259:25:HYMKWBGXX:1:21212:5320:5611,NB501259:25:HYMKWBGXX:2:21108:2862:9702,
7:79376752|79377198	7	79376752	79377198	1	1_1_0	13	0.133	intron	ENSRNOG00000004937,	-	NB501259:25:HYMKWBGXX:4:13409:18882:17776,
7:103583576|103584171	7	103583576	103584171	1	1_1_0	4	0.333	intron	ENSRNOG00000005159,	-	NB501259:25:HYMKWBGXX:1:12309:14727:4715,
7:110940048|110942191	7	110940048	110942191	1	1_1_0	2	0.500	exon	ENSRNOG00000022802,	-	NB501259:25:HYMKWBGXX:2:23109:23590:5483,
8:597252|597970	8	597252	597970	2	2_2_0	36	0.100	exon	ENSRNOG00000029876,	+	NB501259:25:HYMKWBGXX:2:12209:12925:17701,NB501259:25:HYMKWBGXX:3:21506:9351:6907,
8:13024995|13032389	8	13024995	13032389	1	1_1_0	13	0.133	intron	ENSRNOG00000011585,	-	NB501259:25:HYMKWBGXX:2:13301:11952:4163,
8:13154302|13157607	8	13154302	13157607	2	2_2_0	11	0.267	exon	ENSRNOG00000011585,	-	NB501259:25:HYMKWBGXX:1:12103:19982:10924,NB501259:25:HYMKWBGXX:2:22312:22892:12188,
8:20555941|20568626	8	20555941	20568626	1	0_1_1	2	0.500	exon	ENSRNOG00000013752,	-	NB501259:25:HYMKWBGXX:4:23605:12041:19704,
8:23574700|23577970	8	23574700	23577970	1	1_1_0	11	0.154	exon	ENSRNOG00000029995,	-	NB501259:25:HYMKWBGXX:2:23206:22950:14461,
8:41289950|41290605	8	41289950	41290605	1	1_1_0	0	1	exon	ENSRNOG00000008138,	-	NB501259:25:HYMKWBGXX:4:21408:1560:8915,
8:47967687|47968323	8	47967687	47968323	3	1_1_0	5	0.545	intron	ENSRNOG00000018778,	-	NB501259:25:HYMKWBGXX:4:13603:26703:9509,NB501259:25:HYMKWBGXX:4:13604:1388:9512,NB501259:25:HYMKWBGXX:4:21507:8190:3711,
8:48176828|48178081	8	48176828	48178081	1	0_1_1	24	0.077	exon	ENSRNOG00000018778,	-	NB501259:25:HYMKWBGXX:3:21410:12005:12734,
8:50138766|50139151	8	50138766	50139151	1	1_1_0	11	0.154	intron	ENSRNOG00000031890,	-	NB501259:25:HYMKWBGXX:4:12611:3915:11006,
8:58110474|58124933	8	58110474	58124933	2	1_1_0	2	0.667	exon	ENSRNOG00000019579,	+	NB501259:25:HYMKWBGXX:3:11507:1916:7621,NB501259:25:HYMKWBGXX:3:21405:23842:17227,
8:62559509|62591186	8	62559509	62591186	1	1_1_0	1	0.667	intron	ENSRNOG00000025372,	-	NB501259:25:HYMKWBGXX:4:21502:5156:4787,
8:65347108|65354418	8	65347108	65354418	1	1_1_0	12	0.143	exon	ENSRNOG00000011739,	+	NB501259:25:HYMKWBGXX:3:22504:12723:18382,
8:65368574|65396915	8	65368574	65396915	1	1_1_0	11	0.154	exon	ENSRNOG00000011739,	+	NB501259:25:HYMKWBGXX:1:13101:17325:18904,
8:65412805|65420574	8	65412805	65420574	1	1_1_0	9	0.182	exon	ENSRNOG00000011739,	+	NB501259:25:HYMKWBGXX:2:11304:13682:7491,
8:65414237|65420574	8	65414237	65420574	1	1_1_0	10	0.167	exon	ENSRNOG00000011739,	+	NB501259:25:HYMKWBGXX:1:23307:22198:7734,
8:65553182|65565369	8	65553182	65565369	1	1_1_0	7	0.222	exon	ENSRNOG00000019105,	+	NB501259:25:HYMKWBGXX:1:23110:21955:15622,
8:66021389|66031052	8	66021389	66031052	2	2_2_0	4	0.500	intron	ENSRNOG00000015554,	-	NB501259:25:HYMKWBGXX:3:13410:1717:15133,NB501259:25:HYMKWBGXX:4:11408:5851:15323,
8:73039772|73042173	8	73039772	73042173	2	2_1_0	22	0.154	exon	ENSRNOG00000055631,	+	NB501259:25:HYMKWBGXX:4:12503:19379:15422,NB501259:25:HYMKWBGXX:1:13201:1727:12001,
8:78001079|78062777	8	78001079	78062777	3	2_2_0	18	0.250	exon	ENSRNOG00000005934,	-	NB501259:25:HYMKWBGXX:4:23611:15504:8110,NB501259:25:HYMKWBGXX:3:13407:16567:8733,NB501259:25:HYMKWBGXX:3:23608:13900:15018,
8:78009891|78062852	8	78009891	78062852	1	1_1_0	12	0.143	exon	ENSRNOG00000005934,	-	NB501259:25:HYMKWBGXX:3:21404:22324:8562,
8:78020056|78062852	8	78020056	78062852	1	1_1_0	22	0.083	exon	ENSRNOG00000005934,	-	NB501259:25:HYMKWBGXX:2:22307:7352:6071,
8:78027904|78062852	8	78027904	78062852	1	1_1_0	10	0.167	exon	ENSRNOG00000005934,	-	NB501259:25:HYMKWBGXX:4:22503:16981:17946,
8:81024555|81035151	8	81024555	81035151	1	1_1_0	20	0.091	exon	ENSRNOG00000024336,	+	NB501259:25:HYMKWBGXX:4:13409:4734:16635,
8:99616035|99637613	8	99616035	99637613	2	1_1_0	0	1	intron	ENSRNOG00000016384,	-	NB501259:25:HYMKWBGXX:3:12508:19534:11046,NB501259:25:HYMKWBGXX:4:11411:10606:2837,
8:108467217|108481528	8	108467217	108481528	2	1_1_0	12	0.250	exon	ENSRNOG00000018333,	-	NB501259:25:HYMKWBGXX:1:13204:16389:1326,NB501259:25:HYMKWBGXX:3:22609:16399:17492,
8:109046369|109059512	8	109046369	109059512	1	1_1_0	4	0.333	exon	ENSRNOG00000054863,ENSRNOG00000046155,	+	NB501259:25:HYMKWBGXX:3:11503:20300:14889,
8:117708487|117752291	8	117708487	117752291	1	1_0_1	1	0.667	exon	ENSRNOG00000053820,	-	NB501259:25:HYMKWBGXX:2:13209:2881:4542,
8:121793293|121798988	8	121793293	121798988	4	4_3_0	4	0.667	intergenic_region	n/a	+	NB501259:25:HYMKWBGXX:1:11108:2231:6579,NB501259:25:HYMKWBGXX:2:11209:19772:18352,NB501259:25:HYMKWBGXX:3:12506:11684:6687,NB501259:25:HYMKWBGXX:2:12103:3970:9691,
9:4709322|4750585	9	4709322	4750585	2	1_1_0	2	0.667	exon	ENSRNOG00000012942,	-	NB501259:25:HYMKWBGXX:3:11503:21551:14838,NB501259:25:HYMKWBGXX:2:12211:25442:13279,
9:10028464|10119614	9	10028464	10119614	1	1_1_0	4	0.333	intergenic_region	n/a	+	NB501259:25:HYMKWBGXX:4:22512:12661:10909,
9:17929657|17932204	9	17929657	17932204	2	2_1_0	1	0.800	exon	ENSRNOG00000011517,	-	NB501259:25:HYMKWBGXX:2:23308:10632:12353,NB501259:25:HYMKWBGXX:2:23110:3465:6161,
9:19929984|19954773	9	19929984	19954773	3	2_2_1	3	0.667	exon	ENSRNOG00000050843,	-	NB501259:25:HYMKWBGXX:3:12603:8029:10599,NB501259:25:HYMKWBGXX:4:23607:2145:10882,NB501259:25:HYMKWBGXX:3:13608:11603:10757,
9:23707410|23754677	9	23707410	23754677	1	1_1_0	11	0.154	intergenic_region	n/a	-	NB501259:25:HYMKWBGXX:2:21110:2724:15022,
9:27999575|28030505	9	27999575	28030505	1	1_1_0	4	0.333	intron	ENSRNOG00000012045,	-	NB501259:25:HYMKWBGXX:1:11303:14492:12471,
9:46276382|46284450	9	46276382	46284450	1	1_1_0	11	0.154	exon	ENSRNOG00000022894,	+	NB501259:25:HYMKWBGXX:4:21404:13405:15945,
9:46830278|46897198	9	46830278	46897198	4	2_2_0	1	0.889	exon	ENSRNOG00000003242,	+	NB501259:25:HYMKWBGXX:1:23206:15608:14589,NB501259:25:HYMKWBGXX:3:13504:7463:3363,NB501259:25:HYMKWBGXX:3:23505:20144:4644,NB501259:25:HYMKWBGXX:4:22502:9022:18167,
9:61242780|61282188	9	61242780	61282188	1	1_1_0	69	0.028	exon	ENSRNOG00000022196,	+	NB501259:25:HYMKWBGXX:3:11401:25846:10081,
9:61375626|61394528	9	61375626	61394528	1	1_1_0	18	0.100	exon	ENSRNOG00000022066,	+	NB501259:25:HYMKWBGXX:2:11212:15512:14279,
9:61863815|61901553	9	61863815	61901553	1	1_1_0	101	0.019	exon	ENSRNOG00000017707,	+	NB501259:25:HYMKWBGXX:3:11603:20095:9598,
9:67977929|67978609	9	67977929	67978609	3	2_2_0	152	0.038	exon	ENSRNOG00000011841,	+	NB501259:25:HYMKWBGXX:4:13612:20441:2469,NB501259:25:HYMKWBGXX:1:23306:4444:2946,NB501259:25:HYMKWBGXX:3:23403:16829:8310,
9:68267629|68300220	9	68267629	68300220	4	4_2_0	2	0.800	exon	ENSRNOG00000028149,	-	NB501259:25:HYMKWBGXX:3:21505:25633:9529,NB501259:25:HYMKWBGXX:4:11409:23363:4398,NB501259:25:HYMKWBGXX:1:13110:11283:5146,NB501259:25:HYMKWBGXX:2:22302:16575:5165,
9:68299101|68300220	9	68299101	68300220	1	1_1_0	5	0.286	exon	ENSRNOG00000028149,	-	NB501259:25:HYMKWBGXX:4:23409:14756:6905,
9:105629568|105660854	9	105629568	105660854	25	19_16_0	24	0.676	exon	ENSRNOG00000012733,	-	NB501259:25:HYMKWBGXX:1:11304:6230:13170,NB501259:25:HYMKWBGXX:1:13202:3677:19461,NB501259:25:HYMKWBGXX:1:13310:10226:17016,NB501259:25:HYMKWBGXX:1:22101:15010:14199,NB501259:25:HYMKWBGXX:1:23103:19037:7871,NB501259:25:HYMKWBGXX:2:12111:11534:11378,NB501259:25:HYMKWBGXX:2:12305:13370:16471,NB501259:25:HYMKWBGXX:2:13309:1232:14361,NB501259:25:HYMKWBGXX:2:13310:26750:14354,NB501259:25:HYMKWBGXX:3:11512:24195:5995,NB501259:25:HYMKWBGXX:3:12403:3953:18764,NB501259:25:HYMKWBGXX:3:22605:11803:3823,NB501259:25:HYMKWBGXX:3:23407:21650:10385,NB501259:25:HYMKWBGXX:3:23507:25634:6719,NB501259:25:HYMKWBGXX:4:12407:6770:9518,NB501259:25:HYMKWBGXX:4:13401:10000:11862,NB501259:25:HYMKWBGXX:4:22410:19728:4716,NB501259:25:HYMKWBGXX:4:23610:6859:5620,NB501259:25:HYMKWBGXX:1:12304:23618:8899,NB501259:25:HYMKWBGXX:1:22105:10674:2185,NB501259:25:HYMKWBGXX:2:21207:23254:2660,NB501259:25:HYMKWBGXX:3:21612:8043:7168,NB501259:25:HYMKWBGXX:4:12407:22420:16985,NB501259:25:HYMKWBGXX:4:21604:5336:6900,NB501259:25:HYMKWBGXX:4:22609:13600:10067,
9:106900913|106937299	9	106900913	106937299	2	0_2_2	18	0.182	exon	ENSRNOG00000011700,	-	NB501259:25:HYMKWBGXX:2:12105:3754:11811,NB501259:25:HYMKWBGXX:4:22601:1445:2851,
9:110672071|110677134	9	110672071	110677134	1	1_1_0	15	0.118	exon	ENSRNOG00000016196,	+	NB501259:25:HYMKWBGXX:4:21612:26125:16246,
9:110672071|110694225	9	110672071	110694225	1	1_1_0	23	0.080	exon	ENSRNOG00000016196,	+	NB501259:25:HYMKWBGXX:3:21408:11864:2686,
9:111137423|111138705	9	111137423	111138705	1	1_1_0	11	0.154	exon	ENSRNOG00000014876,	+	NB501259:25:HYMKWBGXX:1:21305:26359:8333,
MT:1139|6824	MT	1139	6824	11	10_1_0	15651	0.001	intergenic_region	n/a	-	NB501259:25:HYMKWBGXX:2:12107:15091:12633,NB501259:25:HYMKWBGXX:1:11310:18101:1715,NB501259:25:HYMKWBGXX:1:13210:20695:6308,NB501259:25:HYMKWBGXX:1:21112:20862:6986,NB501259:25:HYMKWBGXX:2:22108:20489:4144,NB501259:25:HYMKWBGXX:2:22207:4431:7864,NB501259:25:HYMKWBGXX:3:11509:9363:7258,NB501259:25:HYMKWBGXX:3:12607:4248:8093,NB501259:25:HYMKWBGXX:4:12411:16647:7008,NB501259:25:HYMKWBGXX:4:12509:1715:15237,NB501259:25:HYMKWBGXX:4:23507:24936:10752,
MT:1336|2201	MT	1336	2201	4	3_2_0	388482	0.000	exon	ENSRNOG00000043866,	-	NB501259:25:HYMKWBGXX:1:23112:14377:9316,NB501259:25:HYMKWBGXX:2:11205:1530:12882,NB501259:25:HYMKWBGXX:2:22106:19343:9932,NB501259:25:HYMKWBGXX:4:13502:18459:16921,
MT:1675|2114	MT	1675	2114	2	1_2_0	208163	0.000	exon	ENSRNOG00000043866,	-	NB501259:25:HYMKWBGXX:1:13306:8886:18012,NB501259:25:HYMKWBGXX:1:23212:7230:17060,
MT:10146|11434	MT	10146	11434	1	1_1_0	13873	0.000	intergenic_region	n/a	-	NB501259:25:HYMKWBGXX:1:12207:5718:8265,
MT:10307|10501	MT	10307	10501	2	2_2_0	16775	0.000	exon	ENSRNOG00000029707,	-	NB501259:25:HYMKWBGXX:2:11205:21291:11470,NB501259:25:HYMKWBGXX:4:21608:21443:7342,
MT:10708|11434	MT	10708	11434	1	1_1_0	5133	0.000	exon	ENSRNOG00000029707,	-	NB501259:25:HYMKWBGXX:2:22111:14771:5690,
MT:11419|11810	MT	11419	11810	1	1_1_0	3749	0.001	intergenic_region	n/a	-	NB501259:25:HYMKWBGXX:1:23109:17853:11566,
MT:11517|13079	MT	11517	13079	1	1_1_0	9597	0.000	intergenic_region	n/a	-	NB501259:25:HYMKWBGXX:3:23501:6670:19360,
MT:13036|13429	MT	13036	13429	1	1_1_0	12156	0.000	exon	ENSRNOG00000029971,	-	NB501259:25:HYMKWBGXX:3:11609:12006:15188,
X:9634711|9651173	X	9634711	9651173	1	1_1_0	56	0.034	exon	ENSRNOG00000003261,	-	NB501259:25:HYMKWBGXX:3:21512:12340:3274,
X:20191147|20191798	X	20191147	20191798	1	1_1_0	3	0.400	exon	ENSRNOG00000002537,	+	NB501259:25:HYMKWBGXX:4:22409:11356:12898,
X:20412521|20448771	X	20412521	20448771	2	2_2_0	16	0.200	exon	ENSRNOG00000062231,	+	NB501259:25:HYMKWBGXX:1:13111:13456:15112,NB501259:25:HYMKWBGXX:1:23101:3380:16972,
X:24984224|25003876	X	24984224	25003876	1	1_1_0	18	0.100	exon	ENSRNOG00000003956,	-	NB501259:25:HYMKWBGXX:1:21305:23676:6806,
X:26529216|26529654	X	26529216	26529654	1	1_1_0	1	0.667	intron	ENSRNOG00000004118,	-	NB501259:25:HYMKWBGXX:2:11107:19508:17162,
X:37027096|37082153	X	37027096	37082153	1	1_1_0	86	0.023	exon	ENSRNOG00000007014,	+	NB501259:25:HYMKWBGXX:4:12410:6510:4750,
X:37047191|37060714	X	37047191	37060714	2	1_2_0	36	0.100	exon	ENSRNOG00000007014,	+	NB501259:25:HYMKWBGXX:4:23612:15495:9906,NB501259:25:HYMKWBGXX:1:13202:6522:18270,
X:58826413|58843800	X	58826413	58843800	1	1_1_0	7	0.222	intron	ENSRNOG00000005624,	-	NB501259:25:HYMKWBGXX:3:21505:5578:8908,
X:65863551|65908694	X	65863551	65908694	1	1_1_0	16	0.111	exon	ENSRNOG00000002767,	+	NB501259:25:HYMKWBGXX:1:22212:20365:10309,
X:92629502|92650205	X	92629502	92650205	1	1_1_0	9	0.182	exon	ENSRNOG00000057826,	+	NB501259:25:HYMKWBGXX:1:22112:6596:8441,
X:92846730|92847143	X	92846730	92847143	1	1_1_0	5	0.286	intron	ENSRNOG00000057826,	+	NB501259:25:HYMKWBGXX:4:21506:20573:7517,
X:98169502|98174232	X	98169502	98174232	1	1_1_0	6	0.250	exon	ENSRNOG00000024135,	-	NB501259:25:HYMKWBGXX:4:21506:12342:9517,
X:100352617|100368770	X	100352617	100368770	1	1_1_0	1	0.667	exon	ENSRNOG00000070277,	-	NB501259:25:HYMKWBGXX:1:21307:9937:18605,
X:102007259|102009039	X	102007259	102009039	1	1_1_0	0	1	intron	ENSRNOG00000062221,	+	NB501259:25:HYMKWBGXX:1:21208:5192:5145,
X:116340233|116342891	X	116340233	116342891	5	3_3_1	6	0.625	exon	ENSRNOG00000039994,	-	NB501259:25:HYMKWBGXX:1:22312:25554:16218,NB501259:25:HYMKWBGXX:2:11305:14630:1315,NB501259:25:HYMKWBGXX:1:22303:9575:9362,NB501259:25:HYMKWBGXX:2:21205:18238:4943,NB501259:25:HYMKWBGXX:2:22312:18152:2046,
X:127752452|127765663	X	127752452	127765663	1	1_1_0	8	0.200	exon	ENSRNOG00000006797,	-	NB501259:25:HYMKWBGXX:3:22608:8244:2301,
X:139590832|139594352	X	139590832	139594352	68	39_36_1	48	0.739	intron	ENSRNOG00000031222,	+	NB501259:25:HYMKWBGXX:1:11307:18104:18749,NB501259:25:HYMKWBGXX:1:12206:14771:14831,NB501259:25:HYMKWBGXX:1:12209:23353:6420,NB501259:25:HYMKWBGXX:1:12210:16686:11600,NB501259:25:HYMKWBGXX:1:13110:18597:4230,NB501259:25:HYMKWBGXX:1:22101:16910:8255,NB501259:25:HYMKWBGXX:1:23202:18728:4293,NB501259:25:HYMKWBGXX:2:11105:1962:5410,NB501259:25:HYMKWBGXX:2:11107:9978:5485,NB501259:25:HYMKWBGXX:2:11206:18549:8292,NB501259:25:HYMKWBGXX:2:12104:10425:5062,NB501259:25:HYMKWBGXX:2:12109:6383:13263,NB501259:25:HYMKWBGXX:2:12209:17702:17031,NB501259:25:HYMKWBGXX:3:11412:15118:14434,NB501259:25:HYMKWBGXX:3:13401:3035:17605,NB501259:25:HYMKWBGXX:3:13501:6905:2879,NB501259:25:HYMKWBGXX:3:13611:14752:18804,NB501259:25:HYMKWBGXX:3:23409:15107:5506,NB501259:25:HYMKWBGXX:3:23511:23780:17846,NB501259:25:HYMKWBGXX:4:11405:16692:5395,NB501259:25:HYMKWBGXX:4:11511:17748:11270,NB501259:25:HYMKWBGXX:4:11603:5539:9721,NB501259:25:HYMKWBGXX:4:11612:13415:16090,NB501259:25:HYMKWBGXX:4:12601:2112:8273,NB501259:25:HYMKWBGXX:4:13406:2394:18852,NB501259:25:HYMKWBGXX:4:13409:21443:5555,NB501259:25:HYMKWBGXX:4:21405:14491:17300,NB501259:25:HYMKWBGXX:4:22409:16196:11024,NB501259:25:HYMKWBGXX:1:11110:19785:8770,NB501259:25:HYMKWBGXX:1:11202:12689:17783,NB501259:25:HYMKWBGXX:1:11211:3132:12765,NB501259:25:HYMKWBGXX:1:12112:7834:6938,NB501259:25:HYMKWBGXX:1:13112:16164:13706,NB501259:25:HYMKWBGXX:1:13208:23385:17367,NB501259:25:HYMKWBGXX:1:13305:2979:5851,NB501259:25:HYMKWBGXX:1:21207:1489:16176,NB501259:25:HYMKWBGXX:1:21301:13558:7260,NB501259:25:HYMKWBGXX:1:22309:13263:10144,NB501259:25:HYMKWBGXX:1:22309:12915:12333,NB501259:25:HYMKWBGXX:1:22312:21107:4507,NB501259:25:HYMKWBGXX:1:23103:10989:2626,NB501259:25:HYMKWBGXX:1:23310:8652:7674,NB501259:25:HYMKWBGXX:2:11110:26272:10601,NB501259:25:HYMKWBGXX:2:11205:22546:20301,NB501259:25:HYMKWBGXX:2:11210:14567:11573,NB501259:25:HYMKWBGXX:2:12102:22671:19269,NB501259:25:HYMKWBGXX:2:12109:9964:16615,NB501259:25:HYMKWBGXX:2:21108:18933:4603,NB501259:25:HYMKWBGXX:2:22208:20946:17738,NB501259:25:HYMKWBGXX:2:23103:3547:2506,NB501259:25:HYMKWBGXX:3:12605:25300:1786,NB501259:25:HYMKWBGXX:3:13410:23925:15800,NB501259:25:HYMKWBGXX:3:21601:25335:15655,NB501259:25:HYMKWBGXX:3:22510:15403:5555,NB501259:25:HYMKWBGXX:3:22603:11250:9855,NB501259:25:HYMKWBGXX:3:22604:6693:18266,NB501259:25:HYMKWBGXX:3:23503:22218:5832,NB501259:25:HYMKWBGXX:3:23509:2160:12608,NB501259:25:HYMKWBGXX:4:11511:7020:12549,NB501259:25:HYMKWBGXX:4:11511:19901:12810,NB501259:25:HYMKWBGXX:4:12410:10881:15624,NB501259:25:HYMKWBGXX:4:12510:20570:12490,NB501259:25:HYMKWBGXX:4:13501:17253:18686,NB501259:25:HYMKWBGXX:4:13506:18716:3620,NB501259:25:HYMKWBGXX:4:13507:9532:17160,NB501259:25:HYMKWBGXX:4:13509:22888:6486,NB501259:25:HYMKWBGXX:4:22511:16326:6306,NB501259:25:HYMKWBGXX:4:22606:1900:12372,
X:148105757|148106617	X	148105757	148106617	1	1_1_0	12	0.143	exon	ENSRNOG00000052572,	+	NB501259:25:HYMKWBGXX:2:21212:6253:18930,
Y:989677|1007863	Y	989677	1007863	2	2_1_0	14	0.222	exon	ENSRNOG00000060617,	-	NB501259:25:HYMKWBGXX:2:21302:9707:4928,NB501259:25:HYMKWBGXX:2:12311:7818:4884,
